{"meta": {"format": 3, "version": "7.11.0", "timestamp": "2025-11-05T13:11:20.632717", "branch_coverage": false, "show_contexts": false}, "files": {"plugins/autonomous-dev/hooks/auto_add_to_regression.py": {"executed_lines": [2, 23, 24, 25, 26, 27, 28, 29, 30, 31, 37, 38, 39, 40, 41, 44, 45, 46, 53, 78, 79, 82, 83, 86, 87, 90, 91, 92, 95, 96, 99, 100, 102, 105, 123, 124, 128, 132, 136, 142, 143, 144, 146, 149, 167, 193, 202, 203, 206, 207, 209, 211, 215, 216, 217, 218, 221, 270, 278, 281, 290, 291, 294, 295, 297, 299, 303, 304, 306, 309, 359, 367, 370, 379, 380, 383, 384, 386, 388, 392, 393, 395, 398, 470, 478, 481, 508, 535, 648], "summary": {"covered_lines": 88, "num_statements": 186, "percent_covered": 47.31182795698925, "percent_covered_display": "47", "missing_lines": 98, "excluded_lines": 0}, "missing_lines": [155, 157, 158, 159, 160, 161, 162, 164, 170, 171, 173, 174, 176, 177, 184, 185, 187, 189, 190, 305, 394, 489, 490, 492, 493, 494, 495, 496, 497, 500, 503, 505, 511, 512, 519, 521, 522, 524, 526, 527, 539, 540, 543, 544, 545, 548, 550, 551, 554, 571, 572, 574, 575, 576, 577, 579, 580, 583, 584, 587, 588, 590, 591, 594, 596, 598, 599, 600, 603, 605, 607, 608, 609, 610, 611, 613, 616, 617, 619, 621, 622, 623, 625, 628, 630, 632, 633, 634, 636, 637, 638, 639, 640, 642, 643, 644, 645, 649], "excluded_lines": [], "functions": {"validate_python_identifier": {"executed_lines": [78, 79, 82, 83, 86, 87, 90, 91, 92, 95, 96, 99, 100, 102], "summary": {"covered_lines": 14, "num_statements": 14, "percent_covered": 100.0, "percent_covered_display": "100", "missing_lines": 0, "excluded_lines": 0}, "missing_lines": [], "excluded_lines": []}, "sanitize_user_description": {"executed_lines": [123, 124, 128, 132, 136, 142, 143, 144, 146], "summary": {"covered_lines": 9, "num_statements": 9, "percent_covered": 100.0, "percent_covered_display": "100", "missing_lines": 0, "excluded_lines": 0}, "missing_lines": [], "excluded_lines": []}, "detect_commit_type": {"executed_lines": [], "summary": {"covered_lines": 0, "num_statements": 8, "percent_covered": 0.0, "percent_covered_display": "0", "missing_lines": 8, "excluded_lines": 0}, "missing_lines": [155, 157, 158, 159, 160, 161, 162, 164], "excluded_lines": []}, "check_tests_passing": {"executed_lines": [], "summary": {"covered_lines": 0, "num_statements": 11, "percent_covered": 0.0, "percent_covered_display": "0", "missing_lines": 11, "excluded_lines": 0}, "missing_lines": [170, 171, 173, 174, 176, 177, 184, 185, 187, 189, 190], "excluded_lines": []}, "generate_feature_regression_test": {"executed_lines": [202, 203, 206, 207, 209, 211, 215, 216, 217, 218, 221, 270, 278], "summary": {"covered_lines": 13, "num_statements": 13, "percent_covered": 100.0, "percent_covered_display": "100", "missing_lines": 0, "excluded_lines": 0}, "missing_lines": [], "excluded_lines": []}, "generate_bugfix_regression_test": {"executed_lines": [290, 291, 294, 295, 297, 299, 303, 304, 306, 309, 359, 367], "summary": {"covered_lines": 12, "num_statements": 13, "percent_covered": 92.3076923076923, "percent_covered_display": "92", "missing_lines": 1, "excluded_lines": 0}, "missing_lines": [305], "excluded_lines": []}, "generate_performance_baseline_test": {"executed_lines": [379, 380, 383, 384, 386, 388, 392, 393, 395, 398, 470, 478], "summary": {"covered_lines": 12, "num_statements": 13, "percent_covered": 92.3076923076923, "percent_covered_display": "92", "missing_lines": 1, "excluded_lines": 0}, "missing_lines": [394], "excluded_lines": []}, "create_regression_test": {"executed_lines": [], "summary": {"covered_lines": 0, "num_statements": 11, "percent_covered": 0.0, "percent_covered_display": "0", "missing_lines": 11, "excluded_lines": 0}, "missing_lines": [489, 490, 492, 493, 494, 495, 496, 497, 500, 503, 505], "excluded_lines": []}, "run_regression_test": {"executed_lines": [], "summary": {"covered_lines": 0, "num_statements": 8, "percent_covered": 0.0, "percent_covered_display": "0", "missing_lines": 8, "excluded_lines": 0}, "missing_lines": [511, 512, 519, 521, 522, 524, 526, 527], "excluded_lines": []}, "main": {"executed_lines": [], "summary": {"covered_lines": 0, "num_statements": 57, "percent_covered": 0.0, "percent_covered_display": "0", "missing_lines": 57, "excluded_lines": 0}, "missing_lines": [539, 540, 543, 544, 545, 548, 550, 551, 554, 571, 572, 574, 575, 576, 577, 579, 580, 583, 584, 587, 588, 590, 591, 594, 596, 598, 599, 600, 603, 605, 607, 608, 609, 610, 611, 613, 616, 617, 619, 621, 622, 623, 625, 628, 630, 632, 633, 634, 636, 637, 638, 639, 640, 642, 643, 644, 645], "excluded_lines": []}, "": {"executed_lines": [2, 23, 24, 25, 26, 27, 28, 29, 30, 31, 37, 38, 39, 40, 41, 44, 45, 46, 53, 105, 149, 167, 193, 281, 370, 481, 508, 535, 648], "summary": {"covered_lines": 28, "num_statements": 29, "percent_covered": 96.55172413793103, "percent_covered_display": "97", "missing_lines": 1, "excluded_lines": 0}, "missing_lines": [649], "excluded_lines": []}}, "classes": {"": {"executed_lines": [2, 23, 24, 25, 26, 27, 28, 29, 30, 31, 37, 38, 39, 40, 41, 44, 45, 46, 53, 78, 79, 82, 83, 86, 87, 90, 91, 92, 95, 96, 99, 100, 102, 105, 123, 124, 128, 132, 136, 142, 143, 144, 146, 149, 167, 193, 202, 203, 206, 207, 209, 211, 215, 216, 217, 218, 221, 270, 278, 281, 290, 291, 294, 295, 297, 299, 303, 304, 306, 309, 359, 367, 370, 379, 380, 383, 384, 386, 388, 392, 393, 395, 398, 470, 478, 481, 508, 535, 648], "summary": {"covered_lines": 88, "num_statements": 186, "percent_covered": 47.31182795698925, "percent_covered_display": "47", "missing_lines": 98, "excluded_lines": 0}, "missing_lines": [155, 157, 158, 159, 160, 161, 162, 164, 170, 171, 173, 174, 176, 177, 184, 185, 187, 189, 190, 305, 394, 489, 490, 492, 493, 494, 495, 496, 497, 500, 503, 505, 511, 512, 519, 521, 522, 524, 526, 527, 539, 540, 543, 544, 545, 548, 550, 551, 554, 571, 572, 574, 575, 576, 577, 579, 580, 583, 584, 587, 588, 590, 591, 594, 596, 598, 599, 600, 603, 605, 607, 608, 609, 610, 611, 613, 616, 617, 619, 621, 622, 623, 625, 628, 630, 632, 633, 634, 636, 637, 638, 639, 640, 642, 643, 644, 645, 649], "excluded_lines": []}}}, "plugins/autonomous-dev/hooks/auto_bootstrap.py": {"executed_lines": [], "summary": {"covered_lines": 0, "num_statements": 55, "percent_covered": 0.0, "percent_covered_display": "0", "missing_lines": 55, "excluded_lines": 0}, "missing_lines": [12, 13, 14, 15, 18, 20, 23, 24, 27, 28, 29, 30, 32, 35, 37, 40, 41, 42, 45, 46, 48, 49, 50, 52, 55, 59, 60, 63, 64, 67, 68, 69, 71, 72, 73, 74, 75, 78, 79, 82, 83, 84, 86, 89, 93, 96, 98, 101, 102, 103, 104, 107, 109, 112, 113], "excluded_lines": [], "functions": {"is_bootstrap_needed": {"executed_lines": [], "summary": {"covered_lines": 0, "num_statements": 8, "percent_covered": 0.0, "percent_covered_display": "0", "missing_lines": 8, "excluded_lines": 0}, "missing_lines": [20, 23, 24, 27, 28, 29, 30, 32], "excluded_lines": []}, "find_plugin_dir": {"executed_lines": [], "summary": {"covered_lines": 0, "num_statements": 10, "percent_covered": 0.0, "percent_covered_display": "0", "missing_lines": 10, "excluded_lines": 0}, "missing_lines": [37, 40, 41, 42, 45, 46, 48, 49, 50, 52], "excluded_lines": []}, "bootstrap_project": {"executed_lines": [], "summary": {"covered_lines": 0, "num_statements": 18, "percent_covered": 0.0, "percent_covered_display": "0", "missing_lines": 18, "excluded_lines": 0}, "missing_lines": [59, 60, 63, 64, 67, 68, 69, 71, 72, 73, 74, 75, 78, 79, 82, 83, 84, 86], "excluded_lines": []}, "main": {"executed_lines": [], "summary": {"covered_lines": 0, "num_statements": 9, "percent_covered": 0.0, "percent_covered_display": "0", "missing_lines": 9, "excluded_lines": 0}, "missing_lines": [93, 96, 98, 101, 102, 103, 104, 107, 109], "excluded_lines": []}, "": {"executed_lines": [], "summary": {"covered_lines": 0, "num_statements": 10, "percent_covered": 0.0, "percent_covered_display": "0", "missing_lines": 10, "excluded_lines": 0}, "missing_lines": [12, 13, 14, 15, 18, 35, 55, 89, 112, 113], "excluded_lines": []}}, "classes": {"": {"executed_lines": [], "summary": {"covered_lines": 0, "num_statements": 55, "percent_covered": 0.0, "percent_covered_display": "0", "missing_lines": 55, "excluded_lines": 0}, "missing_lines": [12, 13, 14, 15, 18, 20, 23, 24, 27, 28, 29, 30, 32, 35, 37, 40, 41, 42, 45, 46, 48, 49, 50, 52, 55, 59, 60, 63, 64, 67, 68, 69, 71, 72, 73, 74, 75, 78, 79, 82, 83, 84, 86, 89, 93, 96, 98, 101, 102, 103, 104, 107, 109, 112, 113], "excluded_lines": []}}}, "plugins/autonomous-dev/hooks/auto_enforce_coverage.py": {"executed_lines": [], "summary": {"covered_lines": 0, "num_statements": 157, "percent_covered": 0.0, "percent_covered_display": "0", "missing_lines": 157, "excluded_lines": 0}, "missing_lines": [25, 26, 27, 28, 29, 35, 36, 37, 38, 39, 42, 45, 52, 60, 62, 64, 82, 83, 85, 86, 88, 90, 91, 92, 93, 96, 99, 101, 110, 120, 122, 124, 126, 127, 129, 131, 132, 133, 135, 147, 149, 152, 155, 156, 157, 160, 162, 163, 164, 165, 167, 174, 176, 178, 179, 182, 185, 186, 187, 190, 193, 194, 197, 199, 236, 245, 247, 250, 251, 252, 253, 262, 263, 265, 266, 276, 279, 282, 283, 284, 285, 287, 288, 289, 290, 291, 293, 294, 296, 297, 299, 300, 301, 302, 308, 309, 317, 320, 321, 324, 326, 327, 328, 329, 330, 331, 334, 335, 338, 340, 343, 344, 345, 346, 349, 350, 351, 352, 354, 355, 356, 357, 360, 361, 363, 365, 367, 370, 372, 374, 375, 376, 378, 380, 381, 382, 384, 385, 389, 390, 391, 394, 395, 396, 397, 398, 399, 400, 401, 402, 403, 404, 408, 409, 411, 414, 415], "excluded_lines": [], "functions": {"run_coverage_analysis": {"executed_lines": [], "summary": {"covered_lines": 0, "num_statements": 12, "percent_covered": 0.0, "percent_covered_display": "0", "missing_lines": 12, "excluded_lines": 0}, "missing_lines": [60, 62, 64, 82, 83, 85, 86, 88, 90, 91, 92, 93], "excluded_lines": []}, "get_coverage_summary": {"executed_lines": [], "summary": {"covered_lines": 0, "num_statements": 2, "percent_covered": 0.0, "percent_covered_display": "0", "missing_lines": 2, "excluded_lines": 0}, "missing_lines": [99, 101], "excluded_lines": []}, "find_uncovered_code": {"executed_lines": [], "summary": {"covered_lines": 0, "num_statements": 12, "percent_covered": 0.0, "percent_covered_display": "0", "missing_lines": 12, "excluded_lines": 0}, "missing_lines": [120, 122, 124, 126, 127, 129, 131, 132, 133, 135, 147, 149], "excluded_lines": []}, "extract_uncovered_code": {"executed_lines": [], "summary": {"covered_lines": 0, "num_statements": 13, "percent_covered": 0.0, "percent_covered_display": "0", "missing_lines": 13, "excluded_lines": 0}, "missing_lines": [155, 156, 157, 160, 162, 163, 164, 165, 167, 174, 176, 178, 179], "excluded_lines": []}, "create_coverage_test_prompt": {"executed_lines": [], "summary": {"covered_lines": 0, "num_statements": 8, "percent_covered": 0.0, "percent_covered_display": "0", "missing_lines": 8, "excluded_lines": 0}, "missing_lines": [185, 186, 187, 190, 193, 194, 197, 199], "excluded_lines": []}, "invoke_test_master_for_coverage": {"executed_lines": [], "summary": {"covered_lines": 0, "num_statements": 11, "percent_covered": 0.0, "percent_covered_display": "0", "missing_lines": 11, "excluded_lines": 0}, "missing_lines": [245, 247, 250, 251, 252, 253, 262, 263, 265, 266, 276], "excluded_lines": []}, "display_coverage_report": {"executed_lines": [], "summary": {"covered_lines": 0, "num_statements": 19, "percent_covered": 0.0, "percent_covered_display": "0", "missing_lines": 19, "excluded_lines": 0}, "missing_lines": [282, 283, 284, 285, 287, 288, 289, 290, 291, 293, 294, 296, 297, 299, 300, 301, 302, 308, 309], "excluded_lines": []}, "main": {"executed_lines": [], "summary": {"covered_lines": 0, "num_statements": 58, "percent_covered": 0.0, "percent_covered_display": "0", "missing_lines": 58, "excluded_lines": 0}, "missing_lines": [320, 321, 324, 326, 327, 328, 329, 330, 331, 334, 335, 338, 340, 343, 344, 345, 346, 349, 350, 351, 352, 354, 355, 356, 357, 360, 361, 363, 365, 367, 370, 372, 374, 375, 376, 378, 380, 381, 382, 384, 385, 389, 390, 391, 394, 395, 396, 397, 398, 399, 400, 401, 402, 403, 404, 408, 409, 411], "excluded_lines": []}, "": {"executed_lines": [], "summary": {"covered_lines": 0, "num_statements": 22, "percent_covered": 0.0, "percent_covered_display": "0", "missing_lines": 22, "excluded_lines": 0}, "missing_lines": [25, 26, 27, 28, 29, 35, 36, 37, 38, 39, 42, 45, 52, 96, 110, 152, 182, 236, 279, 317, 414, 415], "excluded_lines": []}}, "classes": {"": {"executed_lines": [], "summary": {"covered_lines": 0, "num_statements": 157, "percent_covered": 0.0, "percent_covered_display": "0", "missing_lines": 157, "excluded_lines": 0}, "missing_lines": [25, 26, 27, 28, 29, 35, 36, 37, 38, 39, 42, 45, 52, 60, 62, 64, 82, 83, 85, 86, 88, 90, 91, 92, 93, 96, 99, 101, 110, 120, 122, 124, 126, 127, 129, 131, 132, 133, 135, 147, 149, 152, 155, 156, 157, 160, 162, 163, 164, 165, 167, 174, 176, 178, 179, 182, 185, 186, 187, 190, 193, 194, 197, 199, 236, 245, 247, 250, 251, 252, 253, 262, 263, 265, 266, 276, 279, 282, 283, 284, 285, 287, 288, 289, 290, 291, 293, 294, 296, 297, 299, 300, 301, 302, 308, 309, 317, 320, 321, 324, 326, 327, 328, 329, 330, 331, 334, 335, 338, 340, 343, 344, 345, 346, 349, 350, 351, 352, 354, 355, 356, 357, 360, 361, 363, 365, 367, 370, 372, 374, 375, 376, 378, 380, 381, 382, 384, 385, 389, 390, 391, 394, 395, 396, 397, 398, 399, 400, 401, 402, 403, 404, 408, 409, 411, 414, 415], "excluded_lines": []}}}, "plugins/autonomous-dev/hooks/auto_fix_docs.py": {"executed_lines": [], "summary": {"covered_lines": 0, "num_statements": 326, "percent_covered": 0.0, "percent_covered_display": "0", "missing_lines": 326, "excluded_lines": 0}, "missing_lines": [41, 42, 43, 44, 45, 46, 47, 49, 50, 53, 59, 61, 64, 66, 69, 82, 89, 90, 92, 95, 108, 109, 112, 113, 116, 117, 120, 121, 123, 126, 133, 134, 137, 138, 139, 142, 143, 144, 145, 147, 150, 151, 152, 155, 156, 157, 158, 159, 162, 163, 164, 165, 166, 168, 171, 178, 179, 182, 183, 185, 186, 189, 195, 198, 199, 200, 203, 204, 205, 206, 207, 210, 211, 212, 213, 214, 216, 219, 226, 227, 228, 230, 231, 233, 235, 236, 237, 238, 240, 243, 244, 246, 251, 254, 255, 258, 265, 272, 279, 285, 286, 287, 288, 289, 290, 293, 294, 295, 297, 299, 300, 301, 304, 313, 314, 317, 318, 320, 321, 329, 330, 332, 333, 335, 338, 340, 341, 344, 346, 348, 349, 350, 353, 363, 364, 366, 367, 369, 370, 372, 373, 374, 377, 379, 380, 381, 382, 384, 386, 389, 390, 391, 392, 393, 394, 395, 397, 399, 400, 402, 405, 419, 420, 421, 424, 425, 428, 430, 431, 434, 437, 451, 452, 453, 454, 455, 456, 457, 458, 459, 460, 462, 465, 468, 469, 472, 473, 474, 475, 477, 482, 487, 488, 491, 492, 493, 494, 495, 496, 497, 498, 499, 501, 504, 507, 508, 511, 512, 513, 514, 515, 520, 525, 526, 529, 530, 531, 532, 533, 534, 535, 536, 537, 539, 542, 545, 546, 547, 548, 551, 552, 553, 554, 555, 560, 565, 566, 568, 571, 577, 578, 580, 581, 586, 587, 589, 592, 594, 595, 596, 597, 598, 599, 601, 602, 603, 604, 605, 606, 607, 608, 610, 611, 612, 613, 614, 615, 616, 617, 620, 622, 623, 624, 627, 628, 630, 632, 633, 634, 635, 636, 639, 640, 641, 643, 644, 645, 646, 647, 648, 649, 652, 654, 655, 656, 658, 660, 662, 664, 665, 668, 669, 671, 672, 673, 674, 675, 676, 677, 678, 679, 680, 682, 683, 684, 685, 686, 687, 688, 689, 690, 691, 692, 693, 696, 697], "excluded_lines": [], "functions": {"get_plugin_root": {"executed_lines": [], "summary": {"covered_lines": 0, "num_statements": 1, "percent_covered": 0.0, "percent_covered_display": "0", "missing_lines": 1, "excluded_lines": 0}, "missing_lines": [61], "excluded_lines": []}, "get_repo_root": {"executed_lines": [], "summary": {"covered_lines": 0, "num_statements": 1, "percent_covered": 0.0, "percent_covered_display": "0", "missing_lines": 1, "excluded_lines": 0}, "missing_lines": [66], "excluded_lines": []}, "generate_documentation_with_genai": {"executed_lines": [], "summary": {"covered_lines": 0, "num_statements": 4, "percent_covered": 0.0, "percent_covered_display": "0", "missing_lines": 4, "excluded_lines": 0}, "missing_lines": [82, 89, 90, 92], "excluded_lines": []}, "can_auto_fix_with_genai": {"executed_lines": [], "summary": {"covered_lines": 0, "num_statements": 9, "percent_covered": 0.0, "percent_covered_display": "0", "missing_lines": 9, "excluded_lines": 0}, "missing_lines": [108, 109, 112, 113, 116, 117, 120, 121, 123], "excluded_lines": []}, "check_version_congruence": {"executed_lines": [], "summary": {"covered_lines": 0, "num_statements": 24, "percent_covered": 0.0, "percent_covered_display": "0", "missing_lines": 24, "excluded_lines": 0}, "missing_lines": [133, 134, 137, 138, 139, 142, 143, 144, 145, 147, 150, 151, 152, 155, 156, 157, 158, 159, 162, 163, 164, 165, 166, 168], "excluded_lines": []}, "check_count_congruence": {"executed_lines": [], "summary": {"covered_lines": 0, "num_statements": 22, "percent_covered": 0.0, "percent_covered_display": "0", "missing_lines": 22, "excluded_lines": 0}, "missing_lines": [178, 179, 182, 183, 185, 186, 189, 195, 198, 199, 200, 203, 204, 205, 206, 207, 210, 211, 212, 213, 214, 216], "excluded_lines": []}, "auto_fix_congruence_issues": {"executed_lines": [], "summary": {"covered_lines": 0, "num_statements": 34, "percent_covered": 0.0, "percent_covered_display": "0", "missing_lines": 34, "excluded_lines": 0}, "missing_lines": [226, 227, 228, 230, 231, 233, 235, 236, 237, 238, 240, 243, 244, 246, 251, 254, 255, 258, 265, 272, 279, 285, 286, 287, 288, 289, 290, 293, 294, 295, 297, 299, 300, 301], "excluded_lines": []}, "run_detect_doc_changes": {"executed_lines": [], "summary": {"covered_lines": 0, "num_statements": 19, "percent_covered": 0.0, "percent_covered_display": "0", "missing_lines": 19, "excluded_lines": 0}, "missing_lines": [313, 314, 317, 318, 320, 321, 329, 330, 332, 333, 335, 338, 340, 341, 344, 346, 348, 349, 350], "excluded_lines": []}, "auto_fix_documentation": {"executed_lines": [], "summary": {"covered_lines": 0, "num_statements": 27, "percent_covered": 0.0, "percent_covered_display": "0", "missing_lines": 27, "excluded_lines": 0}, "missing_lines": [363, 364, 366, 367, 369, 370, 372, 373, 374, 377, 379, 380, 381, 382, 384, 386, 389, 390, 391, 392, 393, 394, 395, 397, 399, 400, 402], "excluded_lines": []}, "can_auto_fix": {"executed_lines": [], "summary": {"covered_lines": 0, "num_statements": 9, "percent_covered": 0.0, "percent_covered_display": "0", "missing_lines": 9, "excluded_lines": 0}, "missing_lines": [419, 420, 421, 424, 425, 428, 430, 431, 434], "excluded_lines": []}, "attempt_auto_fix": {"executed_lines": [], "summary": {"covered_lines": 0, "num_statements": 11, "percent_covered": 0.0, "percent_covered_display": "0", "missing_lines": 11, "excluded_lines": 0}, "missing_lines": [451, 452, 453, 454, 455, 456, 457, 458, 459, 460, 462], "excluded_lines": []}, "auto_fix_skill_count": {"executed_lines": [], "summary": {"covered_lines": 0, "num_statements": 20, "percent_covered": 0.0, "percent_covered_display": "0", "missing_lines": 20, "excluded_lines": 0}, "missing_lines": [468, 469, 472, 473, 474, 475, 477, 482, 487, 488, 491, 492, 493, 494, 495, 496, 497, 498, 499, 501], "excluded_lines": []}, "auto_fix_agent_count": {"executed_lines": [], "summary": {"covered_lines": 0, "num_statements": 20, "percent_covered": 0.0, "percent_covered_display": "0", "missing_lines": 20, "excluded_lines": 0}, "missing_lines": [507, 508, 511, 512, 513, 514, 515, 520, 525, 526, 529, 530, 531, 532, 533, 534, 535, 536, 537, 539], "excluded_lines": []}, "auto_fix_version": {"executed_lines": [], "summary": {"covered_lines": 0, "num_statements": 13, "percent_covered": 0.0, "percent_covered_display": "0", "missing_lines": 13, "excluded_lines": 0}, "missing_lines": [545, 546, 547, 548, 551, 552, 553, 554, 555, 560, 565, 566, 568], "excluded_lines": []}, "validate_auto_fix": {"executed_lines": [], "summary": {"covered_lines": 0, "num_statements": 7, "percent_covered": 0.0, "percent_covered_display": "0", "missing_lines": 7, "excluded_lines": 0}, "missing_lines": [577, 578, 580, 581, 586, 587, 589], "excluded_lines": []}, "print_manual_intervention_needed": {"executed_lines": [], "summary": {"covered_lines": 0, "num_statements": 22, "percent_covered": 0.0, "percent_covered_display": "0", "missing_lines": 22, "excluded_lines": 0}, "missing_lines": [594, 595, 596, 597, 598, 599, 601, 602, 603, 604, 605, 606, 607, 608, 610, 611, 612, 613, 614, 615, 616, 617], "excluded_lines": []}, "main": {"executed_lines": [], "summary": {"covered_lines": 0, "num_statements": 54, "percent_covered": 0.0, "percent_covered_display": "0", "missing_lines": 54, "excluded_lines": 0}, "missing_lines": [622, 623, 624, 627, 628, 630, 632, 633, 634, 635, 636, 639, 640, 641, 643, 644, 645, 646, 647, 648, 649, 652, 654, 655, 656, 658, 660, 662, 664, 665, 668, 669, 671, 672, 673, 674, 675, 676, 677, 678, 679, 680, 682, 683, 684, 685, 686, 687, 688, 689, 690, 691, 692, 693], "excluded_lines": []}, "": {"executed_lines": [], "summary": {"covered_lines": 0, "num_statements": 29, "percent_covered": 0.0, "percent_covered_display": "0", "missing_lines": 29, "excluded_lines": 0}, "missing_lines": [41, 42, 43, 44, 45, 46, 47, 49, 50, 53, 59, 64, 69, 95, 126, 171, 219, 304, 353, 405, 437, 465, 504, 542, 571, 592, 620, 696, 697], "excluded_lines": []}}, "classes": {"": {"executed_lines": [], "summary": {"covered_lines": 0, "num_statements": 326, "percent_covered": 0.0, "percent_covered_display": "0", "missing_lines": 326, "excluded_lines": 0}, "missing_lines": [41, 42, 43, 44, 45, 46, 47, 49, 50, 53, 59, 61, 64, 66, 69, 82, 89, 90, 92, 95, 108, 109, 112, 113, 116, 117, 120, 121, 123, 126, 133, 134, 137, 138, 139, 142, 143, 144, 145, 147, 150, 151, 152, 155, 156, 157, 158, 159, 162, 163, 164, 165, 166, 168, 171, 178, 179, 182, 183, 185, 186, 189, 195, 198, 199, 200, 203, 204, 205, 206, 207, 210, 211, 212, 213, 214, 216, 219, 226, 227, 228, 230, 231, 233, 235, 236, 237, 238, 240, 243, 244, 246, 251, 254, 255, 258, 265, 272, 279, 285, 286, 287, 288, 289, 290, 293, 294, 295, 297, 299, 300, 301, 304, 313, 314, 317, 318, 320, 321, 329, 330, 332, 333, 335, 338, 340, 341, 344, 346, 348, 349, 350, 353, 363, 364, 366, 367, 369, 370, 372, 373, 374, 377, 379, 380, 381, 382, 384, 386, 389, 390, 391, 392, 393, 394, 395, 397, 399, 400, 402, 405, 419, 420, 421, 424, 425, 428, 430, 431, 434, 437, 451, 452, 453, 454, 455, 456, 457, 458, 459, 460, 462, 465, 468, 469, 472, 473, 474, 475, 477, 482, 487, 488, 491, 492, 493, 494, 495, 496, 497, 498, 499, 501, 504, 507, 508, 511, 512, 513, 514, 515, 520, 525, 526, 529, 530, 531, 532, 533, 534, 535, 536, 537, 539, 542, 545, 546, 547, 548, 551, 552, 553, 554, 555, 560, 565, 566, 568, 571, 577, 578, 580, 581, 586, 587, 589, 592, 594, 595, 596, 597, 598, 599, 601, 602, 603, 604, 605, 606, 607, 608, 610, 611, 612, 613, 614, 615, 616, 617, 620, 622, 623, 624, 627, 628, 630, 632, 633, 634, 635, 636, 639, 640, 641, 643, 644, 645, 646, 647, 648, 649, 652, 654, 655, 656, 658, 660, 662, 664, 665, 668, 669, 671, 672, 673, 674, 675, 676, 677, 678, 679, 680, 682, 683, 684, 685, 686, 687, 688, 689, 690, 691, 692, 693, 696, 697], "excluded_lines": []}}}, "plugins/autonomous-dev/hooks/auto_format.py": {"executed_lines": [], "summary": {"covered_lines": 0, "num_statements": 63, "percent_covered": 0.0, "percent_covered_display": "0", "missing_lines": 63, "excluded_lines": 0}, "missing_lines": [14, 15, 16, 17, 20, 21, 24, 26, 31, 32, 33, 34, 35, 37, 40, 42, 44, 49, 53, 54, 56, 57, 58, 59, 62, 64, 65, 68, 69, 70, 74, 77, 79, 80, 81, 82, 83, 84, 88, 91, 93, 99, 100, 102, 103, 104, 105, 107, 110, 112, 114, 115, 116, 118, 121, 123, 124, 125, 128, 130, 133, 136, 137], "excluded_lines": [], "functions": {"detect_language": {"executed_lines": [], "summary": {"covered_lines": 0, "num_statements": 7, "percent_covered": 0.0, "percent_covered_display": "0", "missing_lines": 7, "excluded_lines": 0}, "missing_lines": [26, 31, 32, 33, 34, 35, 37], "excluded_lines": []}, "format_python": {"executed_lines": [], "summary": {"covered_lines": 0, "num_statements": 9, "percent_covered": 0.0, "percent_covered_display": "0", "missing_lines": 9, "excluded_lines": 0}, "missing_lines": [42, 44, 49, 53, 54, 56, 57, 58, 59], "excluded_lines": []}, "format_javascript": {"executed_lines": [], "summary": {"covered_lines": 0, "num_statements": 6, "percent_covered": 0.0, "percent_covered_display": "0", "missing_lines": 6, "excluded_lines": 0}, "missing_lines": [64, 65, 68, 69, 70, 74], "excluded_lines": []}, "format_go": {"executed_lines": [], "summary": {"covered_lines": 0, "num_statements": 7, "percent_covered": 0.0, "percent_covered_display": "0", "missing_lines": 7, "excluded_lines": 0}, "missing_lines": [79, 80, 81, 82, 83, 84, 88], "excluded_lines": []}, "get_source_files": {"executed_lines": [], "summary": {"covered_lines": 0, "num_statements": 8, "percent_covered": 0.0, "percent_covered_display": "0", "missing_lines": 8, "excluded_lines": 0}, "missing_lines": [93, 99, 100, 102, 103, 104, 105, 107], "excluded_lines": []}, "main": {"executed_lines": [], "summary": {"covered_lines": 0, "num_statements": 12, "percent_covered": 0.0, "percent_covered_display": "0", "missing_lines": 12, "excluded_lines": 0}, "missing_lines": [112, 114, 115, 116, 118, 121, 123, 124, 125, 128, 130, 133], "excluded_lines": []}, "": {"executed_lines": [], "summary": {"covered_lines": 0, "num_statements": 14, "percent_covered": 0.0, "percent_covered_display": "0", "missing_lines": 14, "excluded_lines": 0}, "missing_lines": [14, 15, 16, 17, 20, 21, 24, 40, 62, 77, 91, 110, 136, 137], "excluded_lines": []}}, "classes": {"": {"executed_lines": [], "summary": {"covered_lines": 0, "num_statements": 63, "percent_covered": 0.0, "percent_covered_display": "0", "missing_lines": 63, "excluded_lines": 0}, "missing_lines": [14, 15, 16, 17, 20, 21, 24, 26, 31, 32, 33, 34, 35, 37, 40, 42, 44, 49, 53, 54, 56, 57, 58, 59, 62, 64, 65, 68, 69, 70, 74, 77, 79, 80, 81, 82, 83, 84, 88, 91, 93, 99, 100, 102, 103, 104, 105, 107, 110, 112, 114, 115, 116, 118, 121, 123, 124, 125, 128, 130, 133, 136, 137], "excluded_lines": []}}}, "plugins/autonomous-dev/hooks/auto_generate_tests.py": {"executed_lines": [], "summary": {"covered_lines": 0, "num_statements": 134, "percent_covered": 0.0, "percent_covered_display": "0", "missing_lines": 134, "excluded_lines": 0}, "missing_lines": [30, 31, 32, 33, 34, 35, 37, 38, 44, 45, 46, 47, 48, 51, 63, 75, 84, 93, 96, 97, 101, 102, 105, 108, 110, 113, 114, 116, 117, 119, 120, 122, 123, 125, 128, 131, 134, 137, 139, 142, 143, 146, 149, 152, 154, 157, 160, 161, 163, 207, 227, 228, 239, 246, 254, 255, 257, 258, 265, 268, 269, 271, 273, 274, 275, 276, 284, 287, 288, 289, 291, 292, 295, 296, 298, 299, 300, 301, 304, 305, 307, 308, 309, 310, 312, 313, 316, 318, 319, 320, 322, 323, 324, 325, 328, 329, 331, 332, 335, 336, 337, 340, 341, 342, 343, 344, 345, 346, 347, 350, 351, 352, 353, 354, 357, 360, 362, 364, 365, 366, 367, 368, 370, 371, 372, 374, 375, 376, 378, 379, 380, 381, 384, 385], "excluded_lines": [], "functions": {"classify_intent_with_genai": {"executed_lines": [], "summary": {"covered_lines": 0, "num_statements": 6, "percent_covered": 0.0, "percent_covered_display": "0", "missing_lines": 6, "excluded_lines": 0}, "missing_lines": [93, 96, 97, 101, 102, 105], "excluded_lines": []}, "_classify_intent_heuristic": {"executed_lines": [], "summary": {"covered_lines": 0, "num_statements": 10, "percent_covered": 0.0, "percent_covered_display": "0", "missing_lines": 10, "excluded_lines": 0}, "missing_lines": [110, 113, 114, 116, 117, 119, 120, 122, 123, 125], "excluded_lines": []}, "detect_new_feature": {"executed_lines": [], "summary": {"covered_lines": 0, "num_statements": 2, "percent_covered": 0.0, "percent_covered_display": "0", "missing_lines": 2, "excluded_lines": 0}, "missing_lines": [131, 134], "excluded_lines": []}, "get_test_file_path": {"executed_lines": [], "summary": {"covered_lines": 0, "num_statements": 5, "percent_covered": 0.0, "percent_covered_display": "0", "missing_lines": 5, "excluded_lines": 0}, "missing_lines": [139, 142, 143, 146, 149], "excluded_lines": []}, "tests_already_exist": {"executed_lines": [], "summary": {"covered_lines": 0, "num_statements": 1, "percent_covered": 0.0, "percent_covered_display": "0", "missing_lines": 1, "excluded_lines": 0}, "missing_lines": [154], "excluded_lines": []}, "create_test_generation_prompt": {"executed_lines": [], "summary": {"covered_lines": 0, "num_statements": 3, "percent_covered": 0.0, "percent_covered_display": "0", "missing_lines": 3, "excluded_lines": 0}, "missing_lines": [160, 161, 163], "excluded_lines": []}, "invoke_test_master_agent": {"executed_lines": [], "summary": {"covered_lines": 0, "num_statements": 3, "percent_covered": 0.0, "percent_covered_display": "0", "missing_lines": 3, "excluded_lines": 0}, "missing_lines": [227, 228, 239], "excluded_lines": []}, "run_tests": {"executed_lines": [], "summary": {"covered_lines": 0, "num_statements": 12, "percent_covered": 0.0, "percent_covered_display": "0", "missing_lines": 12, "excluded_lines": 0}, "missing_lines": [254, 255, 257, 258, 265, 268, 269, 271, 273, 274, 275, 276], "excluded_lines": []}, "main": {"executed_lines": [], "summary": {"covered_lines": 0, "num_statements": 65, "percent_covered": 0.0, "percent_covered_display": "0", "missing_lines": 65, "excluded_lines": 0}, "missing_lines": [287, 288, 289, 291, 292, 295, 296, 298, 299, 300, 301, 304, 305, 307, 308, 309, 310, 312, 313, 316, 318, 319, 320, 322, 323, 324, 325, 328, 329, 331, 332, 335, 336, 337, 340, 341, 342, 343, 344, 345, 346, 347, 350, 351, 352, 353, 354, 357, 360, 362, 364, 365, 366, 367, 368, 370, 371, 372, 374, 375, 376, 378, 379, 380, 381], "excluded_lines": []}, "": {"executed_lines": [], "summary": {"covered_lines": 0, "num_statements": 27, "percent_covered": 0.0, "percent_covered_display": "0", "missing_lines": 27, "excluded_lines": 0}, "missing_lines": [30, 31, 32, 33, 34, 35, 37, 38, 44, 45, 46, 47, 48, 51, 63, 75, 84, 108, 128, 137, 152, 157, 207, 246, 284, 384, 385], "excluded_lines": []}}, "classes": {"": {"executed_lines": [], "summary": {"covered_lines": 0, "num_statements": 134, "percent_covered": 0.0, "percent_covered_display": "0", "missing_lines": 134, "excluded_lines": 0}, "missing_lines": [30, 31, 32, 33, 34, 35, 37, 38, 44, 45, 46, 47, 48, 51, 63, 75, 84, 93, 96, 97, 101, 102, 105, 108, 110, 113, 114, 116, 117, 119, 120, 122, 123, 125, 128, 131, 134, 137, 139, 142, 143, 146, 149, 152, 154, 157, 160, 161, 163, 207, 227, 228, 239, 246, 254, 255, 257, 258, 265, 268, 269, 271, 273, 274, 275, 276, 284, 287, 288, 289, 291, 292, 295, 296, 298, 299, 300, 301, 304, 305, 307, 308, 309, 310, 312, 313, 316, 318, 319, 320, 322, 323, 324, 325, 328, 329, 331, 332, 335, 336, 337, 340, 341, 342, 343, 344, 345, 346, 347, 350, 351, 352, 353, 354, 357, 360, 362, 364, 365, 366, 367, 368, 370, 371, 372, 374, 375, 376, 378, 379, 380, 381, 384, 385], "excluded_lines": []}}}, "plugins/autonomous-dev/hooks/auto_tdd_enforcer.py": {"executed_lines": [], "summary": {"covered_lines": 0, "num_statements": 98, "percent_covered": 0.0, "percent_covered_display": "0", "missing_lines": 98, "excluded_lines": 0}, "missing_lines": [21, 22, 23, 24, 30, 31, 32, 33, 34, 37, 47, 63, 71, 74, 77, 78, 81, 84, 86, 89, 96, 97, 99, 100, 108, 112, 114, 116, 117, 118, 119, 122, 132, 134, 135, 136, 138, 141, 149, 151, 152, 153, 155, 158, 167, 170, 171, 174, 175, 178, 179, 181, 184, 190, 192, 240, 254, 255, 257, 260, 261, 262, 265, 267, 270, 273, 275, 276, 279, 281, 283, 284, 285, 286, 289, 290, 291, 292, 293, 294, 295, 296, 297, 298, 299, 300, 301, 302, 304, 307, 311, 313, 315, 316, 319, 321, 324, 325], "excluded_lines": [], "functions": {"get_test_file_for_module": {"executed_lines": [], "summary": {"covered_lines": 0, "num_statements": 5, "percent_covered": 0.0, "percent_covered_display": "0", "missing_lines": 5, "excluded_lines": 0}, "missing_lines": [71, 74, 77, 78, 81], "excluded_lines": []}, "tests_exist": {"executed_lines": [], "summary": {"covered_lines": 0, "num_statements": 1, "percent_covered": 0.0, "percent_covered_display": "0", "missing_lines": 1, "excluded_lines": 0}, "missing_lines": [86], "excluded_lines": []}, "run_tests": {"executed_lines": [], "summary": {"covered_lines": 0, "num_statements": 11, "percent_covered": 0.0, "percent_covered_display": "0", "missing_lines": 11, "excluded_lines": 0}, "missing_lines": [96, 97, 99, 100, 108, 112, 114, 116, 117, 118, 119], "excluded_lines": []}, "should_skip_tdd": {"executed_lines": [], "summary": {"covered_lines": 0, "num_statements": 5, "percent_covered": 0.0, "percent_covered_display": "0", "missing_lines": 5, "excluded_lines": 0}, "missing_lines": [132, 134, 135, 136, 138], "excluded_lines": []}, "is_implementation": {"executed_lines": [], "summary": {"covered_lines": 0, "num_statements": 5, "percent_covered": 0.0, "percent_covered_display": "0", "missing_lines": 5, "excluded_lines": 0}, "missing_lines": [149, 151, 152, 153, 155], "excluded_lines": []}, "detect_target_module": {"executed_lines": [], "summary": {"covered_lines": 0, "num_statements": 8, "percent_covered": 0.0, "percent_covered_display": "0", "missing_lines": 8, "excluded_lines": 0}, "missing_lines": [167, 170, 171, 174, 175, 178, 179, 181], "excluded_lines": []}, "suggest_tester_invocation": {"executed_lines": [], "summary": {"covered_lines": 0, "num_statements": 2, "percent_covered": 0.0, "percent_covered_display": "0", "missing_lines": 2, "excluded_lines": 0}, "missing_lines": [190, 192], "excluded_lines": []}, "enforce_tdd": {"executed_lines": [], "summary": {"covered_lines": 0, "num_statements": 33, "percent_covered": 0.0, "percent_covered_display": "0", "missing_lines": 33, "excluded_lines": 0}, "missing_lines": [254, 255, 257, 260, 261, 262, 265, 267, 270, 273, 275, 276, 279, 281, 283, 284, 285, 286, 289, 290, 291, 292, 293, 294, 295, 296, 297, 298, 299, 300, 301, 302, 304], "excluded_lines": []}, "main": {"executed_lines": [], "summary": {"covered_lines": 0, "num_statements": 6, "percent_covered": 0.0, "percent_covered_display": "0", "missing_lines": 6, "excluded_lines": 0}, "missing_lines": [311, 313, 315, 316, 319, 321], "excluded_lines": []}, "": {"executed_lines": [], "summary": {"covered_lines": 0, "num_statements": 22, "percent_covered": 0.0, "percent_covered_display": "0", "missing_lines": 22, "excluded_lines": 0}, "missing_lines": [21, 22, 23, 24, 30, 31, 32, 33, 34, 37, 47, 63, 84, 89, 122, 141, 158, 184, 240, 307, 324, 325], "excluded_lines": []}}, "classes": {"": {"executed_lines": [], "summary": {"covered_lines": 0, "num_statements": 98, "percent_covered": 0.0, "percent_covered_display": "0", "missing_lines": 98, "excluded_lines": 0}, "missing_lines": [21, 22, 23, 24, 30, 31, 32, 33, 34, 37, 47, 63, 71, 74, 77, 78, 81, 84, 86, 89, 96, 97, 99, 100, 108, 112, 114, 116, 117, 118, 119, 122, 132, 134, 135, 136, 138, 141, 149, 151, 152, 153, 155, 158, 167, 170, 171, 174, 175, 178, 179, 181, 184, 190, 192, 240, 254, 255, 257, 260, 261, 262, 265, 267, 270, 273, 275, 276, 279, 281, 283, 284, 285, 286, 289, 290, 291, 292, 293, 294, 295, 296, 297, 298, 299, 300, 301, 302, 304, 307, 311, 313, 315, 316, 319, 321, 324, 325], "excluded_lines": []}}}, "plugins/autonomous-dev/hooks/auto_test.py": {"executed_lines": [], "summary": {"covered_lines": 0, "num_statements": 94, "percent_covered": 0.0, "percent_covered_display": "0", "missing_lines": 94, "excluded_lines": 0}, "missing_lines": [14, 15, 16, 17, 20, 27, 28, 31, 32, 33, 34, 35, 37, 40, 41, 43, 46, 48, 49, 65, 66, 67, 69, 70, 71, 72, 75, 77, 78, 84, 85, 86, 88, 89, 90, 91, 94, 96, 97, 101, 102, 103, 105, 106, 107, 108, 111, 113, 114, 116, 117, 118, 120, 121, 122, 123, 126, 128, 130, 136, 138, 139, 140, 141, 144, 149, 150, 151, 152, 153, 154, 156, 157, 158, 160, 161, 162, 163, 166, 168, 170, 171, 172, 173, 175, 178, 186, 188, 189, 190, 192, 193, 196, 197], "excluded_lines": [], "functions": {"detect_test_framework": {"executed_lines": [], "summary": {"covered_lines": 0, "num_statements": 11, "percent_covered": 0.0, "percent_covered_display": "0", "missing_lines": 11, "excluded_lines": 0}, "missing_lines": [27, 28, 31, 32, 33, 34, 35, 37, 40, 41, 43], "excluded_lines": []}, "run_pytest": {"executed_lines": [], "summary": {"covered_lines": 0, "num_statements": 9, "percent_covered": 0.0, "percent_covered_display": "0", "missing_lines": 9, "excluded_lines": 0}, "missing_lines": [48, 49, 65, 66, 67, 69, 70, 71, 72], "excluded_lines": []}, "run_jest": {"executed_lines": [], "summary": {"covered_lines": 0, "num_statements": 9, "percent_covered": 0.0, "percent_covered_display": "0", "missing_lines": 9, "excluded_lines": 0}, "missing_lines": [77, 78, 84, 85, 86, 88, 89, 90, 91], "excluded_lines": []}, "run_vitest": {"executed_lines": [], "summary": {"covered_lines": 0, "num_statements": 9, "percent_covered": 0.0, "percent_covered_display": "0", "missing_lines": 9, "excluded_lines": 0}, "missing_lines": [96, 97, 101, 102, 103, 105, 106, 107, 108], "excluded_lines": []}, "run_npm_test": {"executed_lines": [], "summary": {"covered_lines": 0, "num_statements": 9, "percent_covered": 0.0, "percent_covered_display": "0", "missing_lines": 9, "excluded_lines": 0}, "missing_lines": [113, 114, 116, 117, 118, 120, 121, 122, 123], "excluded_lines": []}, "run_go_test": {"executed_lines": [], "summary": {"covered_lines": 0, "num_statements": 21, "percent_covered": 0.0, "percent_covered_display": "0", "missing_lines": 21, "excluded_lines": 0}, "missing_lines": [128, 130, 136, 138, 139, 140, 141, 144, 149, 150, 151, 152, 153, 154, 156, 157, 158, 160, 161, 162, 163], "excluded_lines": []}, "main": {"executed_lines": [], "summary": {"covered_lines": 0, "num_statements": 13, "percent_covered": 0.0, "percent_covered_display": "0", "missing_lines": 13, "excluded_lines": 0}, "missing_lines": [168, 170, 171, 172, 173, 175, 178, 186, 188, 189, 190, 192, 193], "excluded_lines": []}, "": {"executed_lines": [], "summary": {"covered_lines": 0, "num_statements": 13, "percent_covered": 0.0, "percent_covered_display": "0", "missing_lines": 13, "excluded_lines": 0}, "missing_lines": [14, 15, 16, 17, 20, 46, 75, 94, 111, 126, 166, 196, 197], "excluded_lines": []}}, "classes": {"": {"executed_lines": [], "summary": {"covered_lines": 0, "num_statements": 94, "percent_covered": 0.0, "percent_covered_display": "0", "missing_lines": 94, "excluded_lines": 0}, "missing_lines": [14, 15, 16, 17, 20, 27, 28, 31, 32, 33, 34, 35, 37, 40, 41, 43, 46, 48, 49, 65, 66, 67, 69, 70, 71, 72, 75, 77, 78, 84, 85, 86, 88, 89, 90, 91, 94, 96, 97, 101, 102, 103, 105, 106, 107, 108, 111, 113, 114, 116, 117, 118, 120, 121, 122, 123, 126, 128, 130, 136, 138, 139, 140, 141, 144, 149, 150, 151, 152, 153, 154, 156, 157, 158, 160, 161, 162, 163, 166, 168, 170, 171, 172, 173, 175, 178, 186, 188, 189, 190, 192, 193, 196, 197], "excluded_lines": []}}}, "plugins/autonomous-dev/hooks/auto_track_issues.py": {"executed_lines": [], "summary": {"covered_lines": 0, "num_statements": 163, "percent_covered": 0.0, "percent_covered_display": "0", "missing_lines": 163, "excluded_lines": 0}, "missing_lines": [27, 28, 29, 30, 31, 32, 33, 36, 37, 38, 39, 40, 43, 46, 48, 49, 52, 54, 55, 61, 62, 63, 66, 68, 69, 70, 73, 74, 75, 76, 77, 80, 81, 82, 84, 87, 89, 92, 93, 94, 95, 97, 98, 99, 101, 103, 104, 105, 107, 120, 121, 123, 126, 128, 131, 132, 133, 136, 137, 138, 141, 143, 144, 145, 148, 150, 151, 162, 163, 164, 174, 175, 177, 180, 182, 188, 191, 193, 194, 201, 202, 203, 204, 206, 207, 209, 212, 214, 215, 216, 219, 220, 221, 222, 225, 226, 228, 229, 230, 232, 233, 234, 236, 237, 244, 251, 252, 253, 254, 256, 258, 259, 261, 264, 266, 268, 271, 272, 273, 274, 277, 278, 279, 280, 283, 284, 285, 286, 288, 291, 293, 296, 297, 298, 301, 303, 304, 305, 307, 310, 311, 313, 314, 315, 316, 318, 321, 322, 323, 324, 326, 327, 330, 332, 333, 334, 335, 336, 337, 338, 339, 342, 343], "excluded_lines": [], "functions": {"log": {"executed_lines": [], "summary": {"covered_lines": 0, "num_statements": 2, "percent_covered": 0.0, "percent_covered_display": "0", "missing_lines": 2, "excluded_lines": 0}, "missing_lines": [48, 49], "excluded_lines": []}, "is_gh_authenticated": {"executed_lines": [], "summary": {"covered_lines": 0, "num_statements": 5, "percent_covered": 0.0, "percent_covered_display": "0", "missing_lines": 5, "excluded_lines": 0}, "missing_lines": [54, 55, 61, 62, 63], "excluded_lines": []}, "check_prerequisites": {"executed_lines": [], "summary": {"covered_lines": 0, "num_statements": 12, "percent_covered": 0.0, "percent_covered_display": "0", "missing_lines": 12, "excluded_lines": 0}, "missing_lines": [68, 69, 70, 73, 74, 75, 76, 77, 80, 81, 82, 84], "excluded_lines": []}, "parse_pytest_output": {"executed_lines": [], "summary": {"covered_lines": 0, "num_statements": 16, "percent_covered": 0.0, "percent_covered_display": "0", "missing_lines": 16, "excluded_lines": 0}, "missing_lines": [89, 92, 93, 94, 95, 97, 98, 99, 101, 103, 104, 105, 107, 120, 121, 123], "excluded_lines": []}, "parse_genai_validation": {"executed_lines": [], "summary": {"covered_lines": 0, "num_statements": 20, "percent_covered": 0.0, "percent_covered_display": "0", "missing_lines": 20, "excluded_lines": 0}, "missing_lines": [128, 131, 132, 133, 136, 137, 138, 141, 143, 144, 145, 148, 150, 151, 162, 163, 164, 174, 175, 177], "excluded_lines": []}, "parse_performance_analysis": {"executed_lines": [], "summary": {"covered_lines": 0, "num_statements": 2, "percent_covered": 0.0, "percent_covered_display": "0", "missing_lines": 2, "excluded_lines": 0}, "missing_lines": [182, 188], "excluded_lines": []}, "check_existing_issue": {"executed_lines": [], "summary": {"covered_lines": 0, "num_statements": 9, "percent_covered": 0.0, "percent_covered_display": "0", "missing_lines": 9, "excluded_lines": 0}, "missing_lines": [193, 194, 201, 202, 203, 204, 206, 207, 209], "excluded_lines": []}, "create_github_issue": {"executed_lines": [], "summary": {"covered_lines": 0, "num_statements": 26, "percent_covered": 0.0, "percent_covered_display": "0", "missing_lines": 26, "excluded_lines": 0}, "missing_lines": [214, 215, 216, 219, 220, 221, 222, 225, 226, 228, 229, 230, 232, 233, 234, 236, 237, 244, 251, 252, 253, 254, 256, 258, 259, 261], "excluded_lines": []}, "collect_issues": {"executed_lines": [], "summary": {"covered_lines": 0, "num_statements": 15, "percent_covered": 0.0, "percent_covered_display": "0", "missing_lines": 15, "excluded_lines": 0}, "missing_lines": [266, 268, 271, 272, 273, 274, 277, 278, 279, 280, 283, 284, 285, 286, 288], "excluded_lines": []}, "track_issues_automatically": {"executed_lines": [], "summary": {"covered_lines": 0, "num_statements": 22, "percent_covered": 0.0, "percent_covered_display": "0", "missing_lines": 22, "excluded_lines": 0}, "missing_lines": [293, 296, 297, 298, 301, 303, 304, 305, 307, 310, 311, 313, 314, 315, 316, 318, 321, 322, 323, 324, 326, 327], "excluded_lines": []}, "main": {"executed_lines": [], "summary": {"covered_lines": 0, "num_statements": 8, "percent_covered": 0.0, "percent_covered_display": "0", "missing_lines": 8, "excluded_lines": 0}, "missing_lines": [332, 333, 334, 335, 336, 337, 338, 339], "excluded_lines": []}, "": {"executed_lines": [], "summary": {"covered_lines": 0, "num_statements": 26, "percent_covered": 0.0, "percent_covered_display": "0", "missing_lines": 26, "excluded_lines": 0}, "missing_lines": [27, 28, 29, 30, 31, 32, 33, 36, 37, 38, 39, 40, 43, 46, 52, 66, 87, 126, 180, 191, 212, 264, 291, 330, 342, 343], "excluded_lines": []}}, "classes": {"": {"executed_lines": [], "summary": {"covered_lines": 0, "num_statements": 163, "percent_covered": 0.0, "percent_covered_display": "0", "missing_lines": 163, "excluded_lines": 0}, "missing_lines": [27, 28, 29, 30, 31, 32, 33, 36, 37, 38, 39, 40, 43, 46, 48, 49, 52, 54, 55, 61, 62, 63, 66, 68, 69, 70, 73, 74, 75, 76, 77, 80, 81, 82, 84, 87, 89, 92, 93, 94, 95, 97, 98, 99, 101, 103, 104, 105, 107, 120, 121, 123, 126, 128, 131, 132, 133, 136, 137, 138, 141, 143, 144, 145, 148, 150, 151, 162, 163, 164, 174, 175, 177, 180, 182, 188, 191, 193, 194, 201, 202, 203, 204, 206, 207, 209, 212, 214, 215, 216, 219, 220, 221, 222, 225, 226, 228, 229, 230, 232, 233, 234, 236, 237, 244, 251, 252, 253, 254, 256, 258, 259, 261, 264, 266, 268, 271, 272, 273, 274, 277, 278, 279, 280, 283, 284, 285, 286, 288, 291, 293, 296, 297, 298, 301, 303, 304, 305, 307, 310, 311, 313, 314, 315, 316, 318, 321, 322, 323, 324, 326, 327, 330, 332, 333, 334, 335, 336, 337, 338, 339, 342, 343], "excluded_lines": []}}}, "plugins/autonomous-dev/hooks/auto_update_docs.py": {"executed_lines": [], "summary": {"covered_lines": 0, "num_statements": 160, "percent_covered": 0.0, "percent_covered_display": "0", "missing_lines": 160, "excluded_lines": 0}, "missing_lines": [29, 30, 31, 32, 33, 34, 35, 37, 38, 44, 45, 46, 47, 48, 51, 58, 67, 68, 70, 71, 72, 73, 76, 77, 79, 80, 81, 82, 83, 85, 87, 88, 89, 90, 91, 92, 93, 95, 97, 104, 106, 119, 128, 141, 142, 147, 148, 151, 159, 161, 163, 164, 166, 167, 169, 172, 174, 176, 177, 179, 180, 182, 185, 187, 190, 191, 194, 195, 198, 199, 201, 204, 206, 207, 209, 210, 213, 224, 225, 226, 227, 228, 229, 232, 233, 240, 241, 242, 245, 246, 248, 251, 252, 255, 256, 257, 259, 260, 263, 264, 265, 266, 269, 270, 278, 279, 287, 288, 290, 291, 298, 299, 309, 323, 338, 340, 341, 343, 344, 349, 351, 354, 361, 409, 420, 423, 424, 426, 427, 430, 431, 434, 435, 437, 440, 442, 443, 444, 446, 449, 450, 451, 453, 455, 456, 457, 460, 462, 465, 469, 471, 473, 475, 477, 478, 479, 480, 482, 485, 486], "excluded_lines": [], "functions": {"AnalysisResult.is_complex": {"executed_lines": [], "summary": {"covered_lines": 0, "num_statements": 7, "percent_covered": 0.0, "percent_covered_display": "0", "missing_lines": 7, "excluded_lines": 0}, "missing_lines": [87, 88, 89, 90, 91, 92, 93], "excluded_lines": []}, "AnalysisResult.has_changes": {"executed_lines": [], "summary": {"covered_lines": 0, "num_statements": 1, "percent_covered": 0.0, "percent_covered_display": "0", "missing_lines": 1, "excluded_lines": 0}, "missing_lines": [97], "excluded_lines": []}, "AnalysisResult.change_count": {"executed_lines": [], "summary": {"covered_lines": 0, "num_statements": 1, "percent_covered": 0.0, "percent_covered_display": "0", "missing_lines": 1, "excluded_lines": 0}, "missing_lines": [106], "excluded_lines": []}, "assess_complexity_with_genai": {"executed_lines": [], "summary": {"covered_lines": 0, "num_statements": 6, "percent_covered": 0.0, "percent_covered_display": "0", "missing_lines": 6, "excluded_lines": 0}, "missing_lines": [128, 141, 142, 147, 148, 151], "excluded_lines": []}, "extract_public_functions": {"executed_lines": [], "summary": {"covered_lines": 0, "num_statements": 6, "percent_covered": 0.0, "percent_covered_display": "0", "missing_lines": 6, "excluded_lines": 0}, "missing_lines": [161, 163, 164, 166, 167, 169], "excluded_lines": []}, "extract_public_classes": {"executed_lines": [], "summary": {"covered_lines": 0, "num_statements": 6, "percent_covered": 0.0, "percent_covered_display": "0", "missing_lines": 6, "excluded_lines": 0}, "missing_lines": [174, 176, 177, 179, 180, 182], "excluded_lines": []}, "get_function_signature": {"executed_lines": [], "summary": {"covered_lines": 0, "num_statements": 8, "percent_covered": 0.0, "percent_covered_display": "0", "missing_lines": 8, "excluded_lines": 0}, "missing_lines": [187, 190, 191, 194, 195, 198, 199, 201], "excluded_lines": []}, "extract_docstring": {"executed_lines": [], "summary": {"covered_lines": 0, "num_statements": 4, "percent_covered": 0.0, "percent_covered_display": "0", "missing_lines": 4, "excluded_lines": 0}, "missing_lines": [206, 207, 209, 210], "excluded_lines": []}, "detect_api_changes": {"executed_lines": [], "summary": {"covered_lines": 0, "num_statements": 36, "percent_covered": 0.0, "percent_covered_display": "0", "missing_lines": 36, "excluded_lines": 0}, "missing_lines": [224, 225, 226, 227, 228, 229, 232, 233, 240, 241, 242, 245, 246, 248, 251, 252, 255, 256, 257, 259, 260, 263, 264, 265, 266, 269, 270, 278, 279, 287, 288, 290, 291, 298, 299, 309], "excluded_lines": []}, "simple_doc_update": {"executed_lines": [], "summary": {"covered_lines": 0, "num_statements": 7, "percent_covered": 0.0, "percent_covered_display": "0", "missing_lines": 7, "excluded_lines": 0}, "missing_lines": [338, 340, 341, 343, 344, 349, 351], "excluded_lines": []}, "suggest_doc_syncer_invocation": {"executed_lines": [], "summary": {"covered_lines": 0, "num_statements": 1, "percent_covered": 0.0, "percent_covered_display": "0", "missing_lines": 1, "excluded_lines": 0}, "missing_lines": [361], "excluded_lines": []}, "process_file": {"executed_lines": [], "summary": {"covered_lines": 0, "num_statements": 24, "percent_covered": 0.0, "percent_covered_display": "0", "missing_lines": 24, "excluded_lines": 0}, "missing_lines": [420, 423, 424, 426, 427, 430, 431, 434, 435, 437, 440, 442, 443, 444, 446, 449, 450, 451, 453, 455, 456, 457, 460, 462], "excluded_lines": []}, "main": {"executed_lines": [], "summary": {"covered_lines": 0, "num_statements": 9, "percent_covered": 0.0, "percent_covered_display": "0", "missing_lines": 9, "excluded_lines": 0}, "missing_lines": [469, 471, 473, 475, 477, 478, 479, 480, 482], "excluded_lines": []}, "": {"executed_lines": [], "summary": {"covered_lines": 0, "num_statements": 44, "percent_covered": 0.0, "percent_covered_display": "0", "missing_lines": 44, "excluded_lines": 0}, "missing_lines": [29, 30, 31, 32, 33, 34, 35, 37, 38, 44, 45, 46, 47, 48, 51, 58, 67, 68, 70, 71, 72, 73, 76, 77, 79, 80, 81, 82, 83, 85, 95, 104, 119, 159, 172, 185, 204, 213, 323, 354, 409, 465, 485, 486], "excluded_lines": []}}, "classes": {"APIChange": {"executed_lines": [], "summary": {"covered_lines": 0, "num_statements": 0, "percent_covered": 100.0, "percent_covered_display": "100", "missing_lines": 0, "excluded_lines": 0}, "missing_lines": [], "excluded_lines": []}, "AnalysisResult": {"executed_lines": [], "summary": {"covered_lines": 0, "num_statements": 9, "percent_covered": 0.0, "percent_covered_display": "0", "missing_lines": 9, "excluded_lines": 0}, "missing_lines": [87, 88, 89, 90, 91, 92, 93, 97, 106], "excluded_lines": []}, "": {"executed_lines": [], "summary": {"covered_lines": 0, "num_statements": 151, "percent_covered": 0.0, "percent_covered_display": "0", "missing_lines": 151, "excluded_lines": 0}, "missing_lines": [29, 30, 31, 32, 33, 34, 35, 37, 38, 44, 45, 46, 47, 48, 51, 58, 67, 68, 70, 71, 72, 73, 76, 77, 79, 80, 81, 82, 83, 85, 95, 104, 119, 128, 141, 142, 147, 148, 151, 159, 161, 163, 164, 166, 167, 169, 172, 174, 176, 177, 179, 180, 182, 185, 187, 190, 191, 194, 195, 198, 199, 201, 204, 206, 207, 209, 210, 213, 224, 225, 226, 227, 228, 229, 232, 233, 240, 241, 242, 245, 246, 248, 251, 252, 255, 256, 257, 259, 260, 263, 264, 265, 266, 269, 270, 278, 279, 287, 288, 290, 291, 298, 299, 309, 323, 338, 340, 341, 343, 344, 349, 351, 354, 361, 409, 420, 423, 424, 426, 427, 430, 431, 434, 435, 437, 440, 442, 443, 444, 446, 449, 450, 451, 453, 455, 456, 457, 460, 462, 465, 469, 471, 473, 475, 477, 478, 479, 480, 482, 485, 486], "excluded_lines": []}}}, "plugins/autonomous-dev/hooks/auto_update_project_progress.py": {"executed_lines": [], "summary": {"covered_lines": 0, "num_statements": 160, "percent_covered": 0.0, "percent_covered_display": "0", "missing_lines": 160, "excluded_lines": 0}, "missing_lines": [34, 35, 36, 37, 38, 39, 42, 43, 44, 46, 47, 48, 49, 50, 51, 54, 63, 66, 75, 76, 78, 79, 80, 81, 84, 94, 99, 102, 111, 113, 115, 117, 118, 120, 128, 129, 131, 132, 134, 135, 136, 137, 138, 139, 142, 151, 152, 153, 155, 157, 158, 159, 160, 161, 164, 178, 179, 180, 181, 183, 185, 186, 189, 190, 191, 192, 194, 195, 196, 197, 198, 200, 201, 202, 203, 204, 208, 209, 211, 213, 214, 217, 230, 231, 232, 235, 236, 238, 240, 242, 244, 245, 246, 247, 248, 249, 250, 252, 254, 255, 256, 257, 258, 259, 260, 261, 264, 277, 278, 281, 282, 283, 286, 287, 288, 291, 292, 294, 295, 296, 299, 300, 301, 302, 305, 306, 308, 310, 311, 312, 313, 314, 316, 317, 318, 321, 322, 324, 325, 327, 330, 333, 336, 337, 340, 341, 342, 343, 345, 348, 351, 352, 353, 355, 358, 359, 360, 361, 362, 363], "excluded_lines": [], "functions": {"should_trigger_update": {"executed_lines": [], "summary": {"covered_lines": 0, "num_statements": 1, "percent_covered": 0.0, "percent_covered_display": "0", "missing_lines": 1, "excluded_lines": 0}, "missing_lines": [63], "excluded_lines": []}, "check_pipeline_complete": {"executed_lines": [], "summary": {"covered_lines": 0, "num_statements": 9, "percent_covered": 0.0, "percent_covered_display": "0", "missing_lines": 9, "excluded_lines": 0}, "missing_lines": [75, 76, 78, 79, 80, 81, 84, 94, 99], "excluded_lines": []}, "invoke_progress_tracker": {"executed_lines": [], "summary": {"covered_lines": 0, "num_statements": 16, "percent_covered": 0.0, "percent_covered_display": "0", "missing_lines": 16, "excluded_lines": 0}, "missing_lines": [111, 113, 115, 117, 118, 120, 128, 129, 131, 132, 134, 135, 136, 137, 138, 139], "excluded_lines": []}, "parse_agent_output": {"executed_lines": [], "summary": {"covered_lines": 0, "num_statements": 9, "percent_covered": 0.0, "percent_covered_display": "0", "missing_lines": 9, "excluded_lines": 0}, "missing_lines": [151, 152, 153, 155, 157, 158, 159, 160, 161], "excluded_lines": []}, "parse_simple_yaml": {"executed_lines": [], "summary": {"covered_lines": 0, "num_statements": 26, "percent_covered": 0.0, "percent_covered_display": "0", "missing_lines": 26, "excluded_lines": 0}, "missing_lines": [178, 179, 180, 181, 183, 185, 186, 189, 190, 191, 192, 194, 195, 196, 197, 198, 200, 201, 202, 203, 204, 208, 209, 211, 213, 214], "excluded_lines": []}, "update_project_with_rollback": {"executed_lines": [], "summary": {"covered_lines": 0, "num_statements": 24, "percent_covered": 0.0, "percent_covered_display": "0", "missing_lines": 24, "excluded_lines": 0}, "missing_lines": [230, 231, 232, 235, 236, 238, 240, 242, 244, 245, 246, 247, 248, 249, 250, 252, 254, 255, 256, 257, 258, 259, 260, 261], "excluded_lines": []}, "run_hook": {"executed_lines": [], "summary": {"covered_lines": 0, "num_statements": 33, "percent_covered": 0.0, "percent_covered_display": "0", "missing_lines": 33, "excluded_lines": 0}, "missing_lines": [277, 278, 281, 282, 283, 286, 287, 288, 291, 292, 294, 295, 296, 299, 300, 301, 302, 305, 306, 308, 310, 311, 312, 313, 314, 316, 317, 318, 321, 322, 324, 325, 327], "excluded_lines": []}, "main": {"executed_lines": [], "summary": {"covered_lines": 0, "num_statements": 13, "percent_covered": 0.0, "percent_covered_display": "0", "missing_lines": 13, "excluded_lines": 0}, "missing_lines": [333, 336, 337, 340, 341, 342, 343, 345, 348, 351, 352, 353, 355], "excluded_lines": []}, "": {"executed_lines": [], "summary": {"covered_lines": 0, "num_statements": 29, "percent_covered": 0.0, "percent_covered_display": "0", "missing_lines": 29, "excluded_lines": 0}, "missing_lines": [34, 35, 36, 37, 38, 39, 42, 43, 44, 46, 47, 48, 49, 50, 51, 54, 66, 102, 142, 164, 217, 264, 330, 358, 359, 360, 361, 362, 363], "excluded_lines": []}}, "classes": {"": {"executed_lines": [], "summary": {"covered_lines": 0, "num_statements": 160, "percent_covered": 0.0, "percent_covered_display": "0", "missing_lines": 160, "excluded_lines": 0}, "missing_lines": [34, 35, 36, 37, 38, 39, 42, 43, 44, 46, 47, 48, 49, 50, 51, 54, 63, 66, 75, 76, 78, 79, 80, 81, 84, 94, 99, 102, 111, 113, 115, 117, 118, 120, 128, 129, 131, 132, 134, 135, 136, 137, 138, 139, 142, 151, 152, 153, 155, 157, 158, 159, 160, 161, 164, 178, 179, 180, 181, 183, 185, 186, 189, 190, 191, 192, 194, 195, 196, 197, 198, 200, 201, 202, 203, 204, 208, 209, 211, 213, 214, 217, 230, 231, 232, 235, 236, 238, 240, 242, 244, 245, 246, 247, 248, 249, 250, 252, 254, 255, 256, 257, 258, 259, 260, 261, 264, 277, 278, 281, 282, 283, 286, 287, 288, 291, 292, 294, 295, 296, 299, 300, 301, 302, 305, 306, 308, 310, 311, 312, 313, 314, 316, 317, 318, 321, 322, 324, 325, 327, 330, 333, 336, 337, 340, 341, 342, 343, 345, 348, 351, 352, 353, 355, 358, 359, 360, 361, 362, 363], "excluded_lines": []}}}, "plugins/autonomous-dev/hooks/detect_doc_changes.py": {"executed_lines": [], "summary": {"covered_lines": 0, "num_statements": 112, "percent_covered": 0.0, "percent_covered_display": "0", "missing_lines": 112, "excluded_lines": 0}, "missing_lines": [23, 24, 25, 26, 27, 28, 29, 32, 35, 38, 40, 43, 45, 46, 48, 49, 50, 52, 53, 56, 58, 59, 65, 66, 67, 68, 71, 73, 74, 75, 76, 79, 85, 86, 87, 90, 91, 92, 93, 95, 98, 108, 109, 110, 112, 114, 115, 118, 119, 121, 122, 124, 125, 132, 134, 137, 149, 151, 152, 153, 155, 156, 163, 166, 168, 169, 170, 171, 172, 173, 175, 176, 177, 178, 179, 180, 181, 182, 184, 185, 186, 187, 188, 189, 190, 191, 192, 193, 194, 195, 196, 197, 198, 201, 204, 206, 208, 211, 213, 215, 217, 220, 222, 224, 227, 229, 230, 231, 233, 234, 237, 238], "excluded_lines": [], "functions": {"get_plugin_root": {"executed_lines": [], "summary": {"covered_lines": 0, "num_statements": 1, "percent_covered": 0.0, "percent_covered_display": "0", "missing_lines": 1, "excluded_lines": 0}, "missing_lines": [35], "excluded_lines": []}, "get_repo_root": {"executed_lines": [], "summary": {"covered_lines": 0, "num_statements": 1, "percent_covered": 0.0, "percent_covered_display": "0", "missing_lines": 1, "excluded_lines": 0}, "missing_lines": [40], "excluded_lines": []}, "load_registry": {"executed_lines": [], "summary": {"covered_lines": 0, "num_statements": 7, "percent_covered": 0.0, "percent_covered_display": "0", "missing_lines": 7, "excluded_lines": 0}, "missing_lines": [45, 46, 48, 49, 50, 52, 53], "excluded_lines": []}, "get_staged_files": {"executed_lines": [], "summary": {"covered_lines": 0, "num_statements": 6, "percent_covered": 0.0, "percent_covered_display": "0", "missing_lines": 6, "excluded_lines": 0}, "missing_lines": [58, 59, 65, 66, 67, 68], "excluded_lines": []}, "is_excluded": {"executed_lines": [], "summary": {"covered_lines": 0, "num_statements": 4, "percent_covered": 0.0, "percent_covered_display": "0", "missing_lines": 4, "excluded_lines": 0}, "missing_lines": [73, 74, 75, 76], "excluded_lines": []}, "match_pattern": {"executed_lines": [], "summary": {"covered_lines": 0, "num_statements": 8, "percent_covered": 0.0, "percent_covered_display": "0", "missing_lines": 8, "excluded_lines": 0}, "missing_lines": [85, 86, 87, 90, 91, 92, 93, 95], "excluded_lines": []}, "find_required_docs": {"executed_lines": [], "summary": {"covered_lines": 0, "num_statements": 14, "percent_covered": 0.0, "percent_covered_display": "0", "missing_lines": 14, "excluded_lines": 0}, "missing_lines": [108, 109, 110, 112, 114, 115, 118, 119, 121, 122, 124, 125, 132, 134], "excluded_lines": []}, "check_doc_updates": {"executed_lines": [], "summary": {"covered_lines": 0, "num_statements": 7, "percent_covered": 0.0, "percent_covered_display": "0", "missing_lines": 7, "excluded_lines": 0}, "missing_lines": [149, 151, 152, 153, 155, 156, 163], "excluded_lines": []}, "print_violations": {"executed_lines": [], "summary": {"covered_lines": 0, "num_statements": 29, "percent_covered": 0.0, "percent_covered_display": "0", "missing_lines": 29, "excluded_lines": 0}, "missing_lines": [168, 169, 170, 171, 172, 173, 175, 176, 177, 178, 179, 180, 181, 182, 184, 185, 186, 187, 188, 189, 190, 191, 192, 193, 194, 195, 196, 197, 198], "excluded_lines": []}, "main": {"executed_lines": [], "summary": {"covered_lines": 0, "num_statements": 16, "percent_covered": 0.0, "percent_covered_display": "0", "missing_lines": 16, "excluded_lines": 0}, "missing_lines": [204, 206, 208, 211, 213, 215, 217, 220, 222, 224, 227, 229, 230, 231, 233, 234], "excluded_lines": []}, "": {"executed_lines": [], "summary": {"covered_lines": 0, "num_statements": 19, "percent_covered": 0.0, "percent_covered_display": "0", "missing_lines": 19, "excluded_lines": 0}, "missing_lines": [23, 24, 25, 26, 27, 28, 29, 32, 38, 43, 56, 71, 79, 98, 137, 166, 201, 237, 238], "excluded_lines": []}}, "classes": {"": {"executed_lines": [], "summary": {"covered_lines": 0, "num_statements": 112, "percent_covered": 0.0, "percent_covered_display": "0", "missing_lines": 112, "excluded_lines": 0}, "missing_lines": [23, 24, 25, 26, 27, 28, 29, 32, 35, 38, 40, 43, 45, 46, 48, 49, 50, 52, 53, 56, 58, 59, 65, 66, 67, 68, 71, 73, 74, 75, 76, 79, 85, 86, 87, 90, 91, 92, 93, 95, 98, 108, 109, 110, 112, 114, 115, 118, 119, 121, 122, 124, 125, 132, 134, 137, 149, 151, 152, 153, 155, 156, 163, 166, 168, 169, 170, 171, 172, 173, 175, 176, 177, 178, 179, 180, 181, 182, 184, 185, 186, 187, 188, 189, 190, 191, 192, 193, 194, 195, 196, 197, 198, 201, 204, 206, 208, 211, 213, 215, 217, 220, 222, 224, 227, 229, 230, 231, 233, 234, 237, 238], "excluded_lines": []}}}, "plugins/autonomous-dev/hooks/detect_feature_request.py": {"executed_lines": [], "summary": {"covered_lines": 0, "num_statements": 34, "percent_covered": 0.0, "percent_covered_display": "0", "missing_lines": 34, "excluded_lines": 0}, "missing_lines": [31, 32, 33, 36, 53, 56, 78, 79, 80, 83, 89, 90, 91, 93, 96, 103, 122, 132, 135, 136, 139, 141, 142, 144, 147, 155, 156, 158, 161, 162, 164, 165, 168, 169], "excluded_lines": [], "functions": {"is_feature_request": {"executed_lines": [], "summary": {"covered_lines": 0, "num_statements": 10, "percent_covered": 0.0, "percent_covered_display": "0", "missing_lines": 10, "excluded_lines": 0}, "missing_lines": [53, 56, 78, 79, 80, 83, 89, 90, 91, 93], "excluded_lines": []}, "get_orchestrator_message": {"executed_lines": [], "summary": {"covered_lines": 0, "num_statements": 1, "percent_covered": 0.0, "percent_covered_display": "0", "missing_lines": 1, "excluded_lines": 0}, "missing_lines": [103], "excluded_lines": []}, "should_invoke_orchestrator": {"executed_lines": [], "summary": {"covered_lines": 0, "num_statements": 7, "percent_covered": 0.0, "percent_covered_display": "0", "missing_lines": 7, "excluded_lines": 0}, "missing_lines": [132, 135, 136, 139, 141, 142, 144], "excluded_lines": []}, "main": {"executed_lines": [], "summary": {"covered_lines": 0, "num_statements": 7, "percent_covered": 0.0, "percent_covered_display": "0", "missing_lines": 7, "excluded_lines": 0}, "missing_lines": [155, 156, 158, 161, 162, 164, 165], "excluded_lines": []}, "": {"executed_lines": [], "summary": {"covered_lines": 0, "num_statements": 9, "percent_covered": 0.0, "percent_covered_display": "0", "missing_lines": 9, "excluded_lines": 0}, "missing_lines": [31, 32, 33, 36, 96, 122, 147, 168, 169], "excluded_lines": []}}, "classes": {"": {"executed_lines": [], "summary": {"covered_lines": 0, "num_statements": 34, "percent_covered": 0.0, "percent_covered_display": "0", "missing_lines": 34, "excluded_lines": 0}, "missing_lines": [31, 32, 33, 36, 53, 56, 78, 79, 80, 83, 89, 90, 91, 93, 96, 103, 122, 132, 135, 136, 139, 141, 142, 144, 147, 155, 156, 158, 161, 162, 164, 165, 168, 169], "excluded_lines": []}}}, "plugins/autonomous-dev/hooks/enforce_bloat_prevention.py": {"executed_lines": [], "summary": {"covered_lines": 0, "num_statements": 60, "percent_covered": 0.0, "percent_covered_display": "0", "missing_lines": 60, "excluded_lines": 0}, "missing_lines": [12, 13, 14, 15, 18, 20, 25, 28, 30, 35, 36, 37, 39, 40, 41, 42, 43, 44, 45, 46, 49, 51, 52, 55, 56, 57, 59, 60, 61, 62, 65, 66, 67, 68, 69, 72, 73, 74, 75, 78, 79, 80, 81, 82, 85, 86, 87, 88, 89, 90, 91, 92, 93, 95, 96, 97, 98, 100, 103, 104], "excluded_lines": [], "functions": {"count_files": {"executed_lines": [], "summary": {"covered_lines": 0, "num_statements": 2, "percent_covered": 0.0, "percent_covered_display": "0", "missing_lines": 2, "excluded_lines": 0}, "missing_lines": [20, 25], "excluded_lines": []}, "count_lines": {"executed_lines": [], "summary": {"covered_lines": 0, "num_statements": 12, "percent_covered": 0.0, "percent_covered_display": "0", "missing_lines": 12, "excluded_lines": 0}, "missing_lines": [30, 35, 36, 37, 39, 40, 41, 42, 43, 44, 45, 46], "excluded_lines": []}, "main": {"executed_lines": [], "summary": {"covered_lines": 0, "num_statements": 37, "percent_covered": 0.0, "percent_covered_display": "0", "missing_lines": 37, "excluded_lines": 0}, "missing_lines": [51, 52, 55, 56, 57, 59, 60, 61, 62, 65, 66, 67, 68, 69, 72, 73, 74, 75, 78, 79, 80, 81, 82, 85, 86, 87, 88, 89, 90, 91, 92, 93, 95, 96, 97, 98, 100], "excluded_lines": []}, "": {"executed_lines": [], "summary": {"covered_lines": 0, "num_statements": 9, "percent_covered": 0.0, "percent_covered_display": "0", "missing_lines": 9, "excluded_lines": 0}, "missing_lines": [12, 13, 14, 15, 18, 28, 49, 103, 104], "excluded_lines": []}}, "classes": {"": {"executed_lines": [], "summary": {"covered_lines": 0, "num_statements": 60, "percent_covered": 0.0, "percent_covered_display": "0", "missing_lines": 60, "excluded_lines": 0}, "missing_lines": [12, 13, 14, 15, 18, 20, 25, 28, 30, 35, 36, 37, 39, 40, 41, 42, 43, 44, 45, 46, 49, 51, 52, 55, 56, 57, 59, 60, 61, 62, 65, 66, 67, 68, 69, 72, 73, 74, 75, 78, 79, 80, 81, 82, 85, 86, 87, 88, 89, 90, 91, 92, 93, 95, 96, 97, 98, 100, 103, 104], "excluded_lines": []}}}, "plugins/autonomous-dev/hooks/enforce_command_limit.py": {"executed_lines": [], "summary": {"covered_lines": 0, "num_statements": 29, "percent_covered": 0.0, "percent_covered_display": "0", "missing_lines": 29, "excluded_lines": 0}, "missing_lines": [10, 11, 12, 15, 37, 39, 40, 41, 44, 50, 51, 52, 53, 54, 55, 56, 57, 58, 59, 60, 61, 63, 64, 65, 66, 68, 70, 73, 74], "excluded_lines": [], "functions": {"main": {"executed_lines": [], "summary": {"covered_lines": 0, "num_statements": 22, "percent_covered": 0.0, "percent_covered_display": "0", "missing_lines": 22, "excluded_lines": 0}, "missing_lines": [39, 40, 41, 44, 50, 51, 52, 53, 54, 55, 56, 57, 58, 59, 60, 61, 63, 64, 65, 66, 68, 70], "excluded_lines": []}, "": {"executed_lines": [], "summary": {"covered_lines": 0, "num_statements": 7, "percent_covered": 0.0, "percent_covered_display": "0", "missing_lines": 7, "excluded_lines": 0}, "missing_lines": [10, 11, 12, 15, 37, 73, 74], "excluded_lines": []}}, "classes": {"": {"executed_lines": [], "summary": {"covered_lines": 0, "num_statements": 29, "percent_covered": 0.0, "percent_covered_display": "0", "missing_lines": 29, "excluded_lines": 0}, "missing_lines": [10, 11, 12, 15, 37, 39, 40, 41, 44, 50, 51, 52, 53, 54, 55, 56, 57, 58, 59, 60, 61, 63, 64, 65, 66, 68, 70, 73, 74], "excluded_lines": []}}}, "plugins/autonomous-dev/hooks/enforce_file_organization.py": {"executed_lines": [], "summary": {"covered_lines": 0, "num_statements": 192, "percent_covered": 0.0, "percent_covered_display": "0", "missing_lines": 192, "excluded_lines": 0}, "missing_lines": [40, 41, 42, 43, 44, 45, 46, 47, 48, 49, 51, 52, 55, 57, 59, 60, 62, 65, 67, 78, 80, 82, 83, 84, 85, 87, 90, 92, 94, 95, 96, 98, 99, 100, 101, 103, 106, 108, 109, 112, 113, 114, 117, 123, 124, 125, 128, 129, 130, 132, 138, 139, 140, 142, 143, 145, 148, 159, 160, 163, 164, 165, 166, 167, 170, 173, 181, 183, 186, 187, 188, 190, 191, 193, 196, 203, 206, 221, 222, 225, 226, 229, 230, 233, 234, 237, 238, 241, 242, 245, 248, 260, 263, 264, 266, 267, 268, 269, 270, 272, 273, 275, 276, 277, 278, 279, 280, 281, 284, 285, 286, 289, 290, 293, 296, 297, 299, 301, 304, 306, 307, 308, 310, 311, 312, 315, 316, 317, 318, 321, 323, 324, 325, 326, 327, 329, 330, 332, 333, 334, 337, 348, 351, 354, 356, 357, 360, 362, 363, 364, 365, 366, 368, 369, 370, 371, 372, 374, 375, 378, 379, 381, 382, 383, 385, 386, 387, 389, 390, 392, 393, 394, 397, 399, 401, 403, 404, 406, 407, 409, 410, 411, 413, 414, 415, 416, 417, 418, 419, 420, 423, 424], "excluded_lines": [], "functions": {"load_structure_template": {"executed_lines": [], "summary": {"covered_lines": 0, "num_statements": 4, "percent_covered": 0.0, "percent_covered_display": "0", "missing_lines": 4, "excluded_lines": 0}, "missing_lines": [57, 59, 60, 62], "excluded_lines": []}, "get_default_structure": {"executed_lines": [], "summary": {"covered_lines": 0, "num_statements": 1, "percent_covered": 0.0, "percent_covered_display": "0", "missing_lines": 1, "excluded_lines": 0}, "missing_lines": [67], "excluded_lines": []}, "get_project_root": {"executed_lines": [], "summary": {"covered_lines": 0, "num_statements": 6, "percent_covered": 0.0, "percent_covered_display": "0", "missing_lines": 6, "excluded_lines": 0}, "missing_lines": [80, 82, 83, 84, 85, 87], "excluded_lines": []}, "check_required_directories": {"executed_lines": [], "summary": {"covered_lines": 0, "num_statements": 9, "percent_covered": 0.0, "percent_covered_display": "0", "missing_lines": 9, "excluded_lines": 0}, "missing_lines": [92, 94, 95, 96, 98, 99, 100, 101, 103], "excluded_lines": []}, "read_project_context": {"executed_lines": [], "summary": {"covered_lines": 0, "num_statements": 19, "percent_covered": 0.0, "percent_covered_display": "0", "missing_lines": 19, "excluded_lines": 0}, "missing_lines": [108, 109, 112, 113, 114, 117, 123, 124, 125, 128, 129, 130, 132, 138, 139, 140, 142, 143, 145], "excluded_lines": []}, "analyze_file_with_genai": {"executed_lines": [], "summary": {"covered_lines": 0, "num_statements": 17, "percent_covered": 0.0, "percent_covered_display": "0", "missing_lines": 17, "excluded_lines": 0}, "missing_lines": [159, 160, 163, 164, 165, 166, 167, 170, 173, 181, 183, 186, 187, 188, 190, 191, 193], "excluded_lines": []}, "heuristic_file_location": {"executed_lines": [], "summary": {"covered_lines": 0, "num_statements": 15, "percent_covered": 0.0, "percent_covered_display": "0", "missing_lines": 15, "excluded_lines": 0}, "missing_lines": [203, 206, 221, 222, 225, 226, 229, 230, 233, 234, 237, 238, 241, 242, 245], "excluded_lines": []}, "find_misplaced_files": {"executed_lines": [], "summary": {"covered_lines": 0, "num_statements": 27, "percent_covered": 0.0, "percent_covered_display": "0", "missing_lines": 27, "excluded_lines": 0}, "missing_lines": [260, 263, 264, 266, 267, 268, 269, 270, 272, 273, 275, 276, 277, 278, 279, 280, 281, 284, 285, 286, 289, 290, 293, 296, 297, 299, 301], "excluded_lines": []}, "create_directory_structure": {"executed_lines": [], "summary": {"covered_lines": 0, "num_statements": 10, "percent_covered": 0.0, "percent_covered_display": "0", "missing_lines": 10, "excluded_lines": 0}, "missing_lines": [306, 307, 308, 310, 311, 312, 315, 316, 317, 318], "excluded_lines": []}, "fix_file_organization": {"executed_lines": [], "summary": {"covered_lines": 0, "num_statements": 10, "percent_covered": 0.0, "percent_covered_display": "0", "missing_lines": 10, "excluded_lines": 0}, "missing_lines": [323, 324, 325, 326, 327, 329, 330, 332, 333, 334], "excluded_lines": []}, "validate_structure": {"executed_lines": [], "summary": {"covered_lines": 0, "num_statements": 31, "percent_covered": 0.0, "percent_covered_display": "0", "missing_lines": 31, "excluded_lines": 0}, "missing_lines": [348, 351, 354, 356, 357, 360, 362, 363, 364, 365, 366, 368, 369, 370, 371, 372, 374, 375, 378, 379, 381, 382, 383, 385, 386, 387, 389, 390, 392, 393, 394], "excluded_lines": []}, "main": {"executed_lines": [], "summary": {"covered_lines": 0, "num_statements": 17, "percent_covered": 0.0, "percent_covered_display": "0", "missing_lines": 17, "excluded_lines": 0}, "missing_lines": [399, 401, 403, 404, 406, 407, 409, 410, 411, 413, 414, 415, 416, 417, 418, 419, 420], "excluded_lines": []}, "": {"executed_lines": [], "summary": {"covered_lines": 0, "num_statements": 26, "percent_covered": 0.0, "percent_covered_display": "0", "missing_lines": 26, "excluded_lines": 0}, "missing_lines": [40, 41, 42, 43, 44, 45, 46, 47, 48, 49, 51, 52, 55, 65, 78, 90, 106, 148, 196, 248, 304, 321, 337, 397, 423, 424], "excluded_lines": []}}, "classes": {"": {"executed_lines": [], "summary": {"covered_lines": 0, "num_statements": 192, "percent_covered": 0.0, "percent_covered_display": "0", "missing_lines": 192, "excluded_lines": 0}, "missing_lines": [40, 41, 42, 43, 44, 45, 46, 47, 48, 49, 51, 52, 55, 57, 59, 60, 62, 65, 67, 78, 80, 82, 83, 84, 85, 87, 90, 92, 94, 95, 96, 98, 99, 100, 101, 103, 106, 108, 109, 112, 113, 114, 117, 123, 124, 125, 128, 129, 130, 132, 138, 139, 140, 142, 143, 145, 148, 159, 160, 163, 164, 165, 166, 167, 170, 173, 181, 183, 186, 187, 188, 190, 191, 193, 196, 203, 206, 221, 222, 225, 226, 229, 230, 233, 234, 237, 238, 241, 242, 245, 248, 260, 263, 264, 266, 267, 268, 269, 270, 272, 273, 275, 276, 277, 278, 279, 280, 281, 284, 285, 286, 289, 290, 293, 296, 297, 299, 301, 304, 306, 307, 308, 310, 311, 312, 315, 316, 317, 318, 321, 323, 324, 325, 326, 327, 329, 330, 332, 333, 334, 337, 348, 351, 354, 356, 357, 360, 362, 363, 364, 365, 366, 368, 369, 370, 371, 372, 374, 375, 378, 379, 381, 382, 383, 385, 386, 387, 389, 390, 392, 393, 394, 397, 399, 401, 403, 404, 406, 407, 409, 410, 411, 413, 414, 415, 416, 417, 418, 419, 420, 423, 424], "excluded_lines": []}}}, "plugins/autonomous-dev/hooks/enforce_orchestrator.py": {"executed_lines": [], "summary": {"covered_lines": 0, "num_statements": 133, "percent_covered": 0.0, "percent_covered_display": "0", "missing_lines": 133, "excluded_lines": 0}, "missing_lines": [23, 24, 25, 26, 27, 30, 32, 33, 34, 36, 37, 38, 39, 40, 41, 44, 46, 49, 55, 56, 57, 60, 61, 63, 65, 66, 67, 70, 71, 74, 77, 78, 79, 82, 89, 90, 91, 92, 94, 97, 99, 101, 108, 109, 112, 113, 114, 115, 117, 120, 122, 123, 129, 130, 131, 134, 136, 137, 138, 141, 142, 144, 146, 147, 150, 151, 152, 155, 157, 158, 160, 163, 167, 168, 169, 170, 171, 173, 176, 178, 181, 183, 185, 188, 189, 191, 194, 199, 200, 201, 204, 205, 206, 207, 208, 210, 211, 212, 213, 214, 215, 216, 217, 219, 220, 221, 222, 223, 224, 225, 226, 227, 228, 229, 230, 231, 232, 233, 234, 235, 236, 237, 238, 239, 240, 241, 242, 243, 244, 245, 247, 250, 251], "excluded_lines": [], "functions": {"is_strict_mode_enabled": {"executed_lines": [], "summary": {"covered_lines": 0, "num_statements": 9, "percent_covered": 0.0, "percent_covered_display": "0", "missing_lines": 9, "excluded_lines": 0}, "missing_lines": [32, 33, 34, 36, 37, 38, 39, 40, 41], "excluded_lines": []}, "has_project_md": {"executed_lines": [], "summary": {"covered_lines": 0, "num_statements": 1, "percent_covered": 0.0, "percent_covered_display": "0", "missing_lines": 1, "excluded_lines": 0}, "missing_lines": [46], "excluded_lines": []}, "check_orchestrator_in_sessions": {"executed_lines": [], "summary": {"covered_lines": 0, "num_statements": 21, "percent_covered": 0.0, "percent_covered_display": "0", "missing_lines": 21, "excluded_lines": 0}, "missing_lines": [55, 56, 57, 60, 61, 63, 65, 66, 67, 70, 71, 74, 77, 78, 79, 82, 89, 90, 91, 92, 94], "excluded_lines": []}, "check_commit_message": {"executed_lines": [], "summary": {"covered_lines": 0, "num_statements": 9, "percent_covered": 0.0, "percent_covered_display": "0", "missing_lines": 9, "excluded_lines": 0}, "missing_lines": [99, 101, 108, 109, 112, 113, 114, 115, 117], "excluded_lines": []}, "get_staged_files": {"executed_lines": [], "summary": {"covered_lines": 0, "num_statements": 5, "percent_covered": 0.0, "percent_covered_display": "0", "missing_lines": 5, "excluded_lines": 0}, "missing_lines": [122, 123, 129, 130, 131], "excluded_lines": []}, "is_docs_only_commit": {"executed_lines": [], "summary": {"covered_lines": 0, "num_statements": 15, "percent_covered": 0.0, "percent_covered_display": "0", "missing_lines": 15, "excluded_lines": 0}, "missing_lines": [136, 137, 138, 141, 142, 144, 146, 147, 150, 151, 152, 155, 157, 158, 160], "excluded_lines": []}, "main": {"executed_lines": [], "summary": {"covered_lines": 0, "num_statements": 59, "percent_covered": 0.0, "percent_covered_display": "0", "missing_lines": 59, "excluded_lines": 0}, "missing_lines": [167, 168, 169, 170, 171, 173, 176, 178, 181, 183, 185, 188, 189, 191, 194, 199, 200, 201, 204, 205, 206, 207, 208, 210, 211, 212, 213, 214, 215, 216, 217, 219, 220, 221, 222, 223, 224, 225, 226, 227, 228, 229, 230, 231, 232, 233, 234, 235, 236, 237, 238, 239, 240, 241, 242, 243, 244, 245, 247], "excluded_lines": []}, "": {"executed_lines": [], "summary": {"covered_lines": 0, "num_statements": 14, "percent_covered": 0.0, "percent_covered_display": "0", "missing_lines": 14, "excluded_lines": 0}, "missing_lines": [23, 24, 25, 26, 27, 30, 44, 49, 97, 120, 134, 163, 250, 251], "excluded_lines": []}}, "classes": {"": {"executed_lines": [], "summary": {"covered_lines": 0, "num_statements": 133, "percent_covered": 0.0, "percent_covered_display": "0", "missing_lines": 133, "excluded_lines": 0}, "missing_lines": [23, 24, 25, 26, 27, 30, 32, 33, 34, 36, 37, 38, 39, 40, 41, 44, 46, 49, 55, 56, 57, 60, 61, 63, 65, 66, 67, 70, 71, 74, 77, 78, 79, 82, 89, 90, 91, 92, 94, 97, 99, 101, 108, 109, 112, 113, 114, 115, 117, 120, 122, 123, 129, 130, 131, 134, 136, 137, 138, 141, 142, 144, 146, 147, 150, 151, 152, 155, 157, 158, 160, 163, 167, 168, 169, 170, 171, 173, 176, 178, 181, 183, 185, 188, 189, 191, 194, 199, 200, 201, 204, 205, 206, 207, 208, 210, 211, 212, 213, 214, 215, 216, 217, 219, 220, 221, 222, 223, 224, 225, 226, 227, 228, 229, 230, 231, 232, 233, 234, 235, 236, 237, 238, 239, 240, 241, 242, 243, 244, 245, 247, 250, 251], "excluded_lines": []}}}, "plugins/autonomous-dev/hooks/enforce_pipeline_complete.py": {"executed_lines": [], "summary": {"covered_lines": 0, "num_statements": 133, "percent_covered": 0.0, "percent_covered_display": "0", "missing_lines": 133, "excluded_lines": 0}, "missing_lines": [20, 21, 22, 23, 26, 28, 29, 30, 32, 35, 40, 43, 45, 46, 47, 49, 50, 55, 56, 57, 60, 62, 72, 75, 77, 79, 81, 87, 90, 91, 92, 95, 98, 99, 102, 106, 108, 111, 113, 114, 115, 116, 117, 118, 119, 120, 121, 122, 123, 124, 125, 126, 127, 128, 129, 130, 131, 132, 133, 134, 135, 136, 137, 138, 139, 140, 141, 142, 143, 144, 145, 146, 147, 148, 149, 150, 151, 152, 153, 156, 157, 160, 162, 163, 166, 168, 169, 170, 171, 172, 173, 174, 175, 176, 177, 178, 179, 180, 181, 182, 183, 184, 185, 186, 187, 188, 189, 190, 191, 192, 193, 194, 195, 196, 197, 198, 199, 200, 201, 202, 203, 204, 205, 206, 207, 208, 209, 210, 211, 212, 215, 218, 219], "excluded_lines": [], "functions": {"get_today_pipeline_file": {"executed_lines": [], "summary": {"covered_lines": 0, "num_statements": 6, "percent_covered": 0.0, "percent_covered_display": "0", "missing_lines": 6, "excluded_lines": 0}, "missing_lines": [28, 29, 30, 32, 35, 40], "excluded_lines": []}, "get_agent_count": {"executed_lines": [], "summary": {"covered_lines": 0, "num_statements": 8, "percent_covered": 0.0, "percent_covered_display": "0", "missing_lines": 8, "excluded_lines": 0}, "missing_lines": [45, 46, 47, 49, 50, 55, 56, 57], "excluded_lines": []}, "get_missing_agents": {"executed_lines": [], "summary": {"covered_lines": 0, "num_statements": 2, "percent_covered": 0.0, "percent_covered_display": "0", "missing_lines": 2, "excluded_lines": 0}, "missing_lines": [62, 72], "excluded_lines": []}, "is_feature_commit": {"executed_lines": [], "summary": {"covered_lines": 0, "num_statements": 7, "percent_covered": 0.0, "percent_covered_display": "0", "missing_lines": 7, "excluded_lines": 0}, "missing_lines": [77, 79, 81, 87, 90, 91, 92], "excluded_lines": []}, "is_auto_implement_commit": {"executed_lines": [], "summary": {"covered_lines": 0, "num_statements": 2, "percent_covered": 0.0, "percent_covered_display": "0", "missing_lines": 2, "excluded_lines": 0}, "missing_lines": [98, 99], "excluded_lines": []}, "main": {"executed_lines": [], "summary": {"covered_lines": 0, "num_statements": 96, "percent_covered": 0.0, "percent_covered_display": "0", "missing_lines": 96, "excluded_lines": 0}, "missing_lines": [106, 108, 111, 113, 114, 115, 116, 117, 118, 119, 120, 121, 122, 123, 124, 125, 126, 127, 128, 129, 130, 131, 132, 133, 134, 135, 136, 137, 138, 139, 140, 141, 142, 143, 144, 145, 146, 147, 148, 149, 150, 151, 152, 153, 156, 157, 160, 162, 163, 166, 168, 169, 170, 171, 172, 173, 174, 175, 176, 177, 178, 179, 180, 181, 182, 183, 184, 185, 186, 187, 188, 189, 190, 191, 192, 193, 194, 195, 196, 1
[...]
t_today_pipeline": {"executed_lines": [], "summary": {"covered_lines": 0, "num_statements": 9, "percent_covered": 0.0, "percent_covered_display": "0", "missing_lines": 9, "excluded_lines": 0}, "missing_lines": [58, 59, 60, 62, 63, 65, 66, 69, 70], "excluded_lines": []}, "has_feature_commits": {"executed_lines": [], "summary": {"covered_lines": 0, "num_statements": 14, "percent_covered": 0.0, "percent_covered_display": "0", "missing_lines": 14, "excluded_lines": 0}, "missing_lines": [80, 81, 82, 88, 91, 92, 94, 96, 97, 99, 100, 102, 103, 105], "excluded_lines": []}, "verify_pipeline": {"executed_lines": [], "summary": {"covered_lines": 0, "num_statements": 43, "percent_covered": 0.0, "percent_covered_display": "0", "missing_lines": 43, "excluded_lines": 0}, "missing_lines": [111, 114, 115, 116, 119, 121, 122, 123, 124, 125, 126, 128, 129, 130, 132, 133, 134, 137, 144, 145, 149, 150, 151, 154, 155, 156, 157, 159, 162, 163, 164, 165, 166, 167, 168, 169, 170, 172, 173, 174, 176, 177, 178], "excluded_lines": []}, "main": {"executed_lines": [], "summary": {"covered_lines": 0, "num_statements": 6, "percent_covered": 0.0, "percent_covered_display": "0", "missing_lines": 6, "excluded_lines": 0}, "missing_lines": [182, 183, 184, 185, 186, 187], "excluded_lines": []}, "": {"executed_lines": [], "summary": {"covered_lines": 0, "num_statements": 11, "percent_covered": 0.0, "percent_covered_display": "0", "missing_lines": 11, "excluded_lines": 0}, "missing_lines": [49, 50, 51, 52, 53, 56, 73, 108, 181, 190, 191], "excluded_lines": []}}, "classes": {"": {"executed_lines": [], "summary": {"covered_lines": 0, "num_statements": 83, "percent_covered": 0.0, "percent_covered_display": "0", "missing_lines": 83, "excluded_lines": 0}, "missing_lines": [49, 50, 51, 52, 53, 56, 58, 59, 60, 62, 63, 65, 66, 69, 70, 73, 80, 81, 82, 88, 91, 92, 94, 96, 97, 99, 100, 102, 103, 105, 108, 111, 114, 115, 116, 119, 121, 122, 123, 124, 125, 126, 128, 129, 130, 132, 133, 134, 137, 144, 145, 149, 150, 151, 154, 155, 156, 157, 159, 162, 163, 164, 165, 166, 167, 168, 169, 170, 172, 173, 174, 176, 177, 178, 181, 182, 183, 184, 185, 186, 187, 190, 191], "excluded_lines": []}}}, "scripts/agent_tracker.py": {"executed_lines": [], "summary": {"covered_lines": 0, "num_statements": 368, "percent_covered": 0.0, "percent_covered_display": "0", "missing_lines": 368, "excluded_lines": 0}, "missing_lines": [65, 66, 67, 68, 69, 70, 71, 75, 107, 118, 119, 120, 123, 126, 127, 160, 162, 167, 168, 176, 179, 183, 184, 194, 196, 197, 198, 207, 209, 216, 217, 219, 220, 223, 224, 230, 233, 234, 237, 238, 240, 242, 243, 246, 247, 248, 254, 256, 303, 304, 306, 312, 317, 321, 325, 326, 327, 333, 335, 338, 339, 340, 341, 342, 344, 345, 346, 347, 348, 351, 353, 382, 383, 389, 390, 397, 398, 406, 407, 408, 416, 417, 424, 430, 431, 433, 434, 436, 449, 450, 452, 453, 455, 456, 459, 460, 461, 468, 469, 475, 476, 477, 478, 479, 482, 483, 484, 486, 487, 489, 491, 492, 493, 494, 497, 503, 504, 506, 507, 509, 510, 512, 524, 525, 527, 528, 530, 531, 534, 535, 536, 543, 544, 550, 551, 552, 553, 554, 555, 558, 559, 560, 562, 564, 565, 566, 567, 570, 577, 578, 580, 581, 583, 612, 613, 620, 621, 628, 629, 637, 638, 639, 640, 642, 644, 646, 652, 653, 655, 658, 659, 660, 661, 663, 664, 666, 672, 673, 674, 675, 677, 678, 680, 682, 688, 689, 690, 693, 697, 700, 701, 702, 703, 704, 705, 706, 708, 709, 711, 713, 715, 716, 718, 720, 721, 722, 723, 725, 727, 731, 733, 735, 741, 743, 745, 751, 753, 755, 757, 767, 770, 771, 772, 773, 776, 777, 779, 780, 781, 782, 791, 792, 793, 794, 795, 796, 797, 798, 801, 810, 812, 819, 825, 828, 829, 830, 831, 834, 835, 837, 839, 841, 850, 852, 853, 854, 857, 858, 859, 860, 862, 863, 864, 867, 868, 869, 870, 873, 874, 876, 877, 878, 879, 881, 882, 883, 884, 885, 886, 887, 889, 890, 891, 892, 893, 896, 897, 899, 904, 905, 907, 908, 910, 915, 916, 919, 921, 923, 925, 927, 929, 931, 937, 945, 946, 947, 948, 949, 950, 951, 952, 953, 954, 955, 956, 957, 958, 959, 960, 962, 963, 965, 966, 967, 968, 969, 970, 971, 973, 974, 975, 976, 977, 980, 981, 982, 983, 984, 986, 988, 990, 991, 992, 993, 994, 995, 996, 998, 999, 1000, 1001, 1004, 1005, 1006, 1007, 1008, 1009, 1010, 1011, 1012, 1014, 1016, 1017, 1020, 1021, 1022, 1025, 1026], "excluded_lines": [], "functions": {"AgentTracker.__init__": {"executed_lines": [], "summary": {"covered_lines": 0, "num_statements": 32, "percent_covered": 0.0, "percent_covered_display": "0", "missing_lines": 32, "excluded_lines": 0}, "missing_lines": [160, 162, 167, 168, 176, 179, 183, 184, 194, 196, 197, 198, 207, 209, 216, 217, 219, 220, 223, 224, 230, 233, 234, 237, 238, 240, 242, 243, 246, 247, 248, 254], "excluded_lines": []}, "AgentTracker._save": {"executed_lines": [], "summary": {"covered_lines": 0, "num_statements": 22, "percent_covered": 0.0, "percent_covered_display": "0", "missing_lines": 22, "excluded_lines": 0}, "missing_lines": [303, 304, 306, 312, 317, 321, 325, 326, 327, 333, 335, 338, 339, 340, 341, 342, 344, 345, 346, 347, 348, 351], "excluded_lines": []}, "AgentTracker.start_agent": {"executed_lines": [], "summary": {"covered_lines": 0, "num_statements": 16, "percent_covered": 0.0, "percent_covered_display": "0", "missing_lines": 16, "excluded_lines": 0}, "missing_lines": [382, 383, 389, 390, 397, 398, 406, 407, 408, 416, 417, 424, 430, 431, 433, 434], "excluded_lines": []}, "AgentTracker.complete_agent": {"executed_lines": [], "summary": {"covered_lines": 0, "num_statements": 33, "percent_covered": 0.0, "percent_covered_display": "0", "missing_lines": 33, "excluded_lines": 0}, "missing_lines": [449, 450, 452, 453, 455, 456, 459, 460, 461, 468, 469, 475, 476, 477, 478, 479, 482, 483, 484, 486, 487, 489, 491, 492, 493, 494, 497, 503, 504, 506, 507, 509, 510], "excluded_lines": []}, "AgentTracker.fail_agent": {"executed_lines": [], "summary": {"covered_lines": 0, "num_statements": 30, "percent_covered": 0.0, "percent_covered_display": "0", "missing_lines": 30, "excluded_lines": 0}, "missing_lines": [524, 525, 527, 528, 530, 531, 534, 535, 536, 543, 544, 550, 551, 552, 553, 554, 555, 558, 559, 560, 562, 564, 565, 566, 567, 570, 577, 578, 580, 581], "excluded_lines": []}, "AgentTracker.set_github_issue": {"executed_lines": [], "summary": {"covered_lines": 0, "num_statements": 10, "percent_covered": 0.0, "percent_covered_display": "0", "missing_lines": 10, "excluded_lines": 0}, "missing_lines": [612, 613, 620, 621, 628, 629, 637, 638, 639, 640], "excluded_lines": []}, "AgentTracker.get_expected_agents": {"executed_lines": [], "summary": {"covered_lines": 0, "num_statements": 1, "percent_covered": 0.0, "percent_covered_display": "0", "missing_lines": 1, "excluded_lines": 0}, "missing_lines": [644], "excluded_lines": []}, "AgentTracker.calculate_progress": {"executed_lines": [], "summary": {"covered_lines": 0, "num_statements": 9, "percent_covered": 0.0, "percent_covered_display": "0", "missing_lines": 9, "excluded_lines": 0}, "missing_lines": [652, 653, 655, 658, 659, 660, 661, 663, 664], "excluded_lines": []}, "AgentTracker.get_average_agent_duration": {"executed_lines": [], "summary": {"covered_lines": 0, "num_statements": 7, "percent_covered": 0.0, "percent_covered_display": "0", "missing_lines": 7, "excluded_lines": 0}, "missing_lines": [672, 673, 674, 675, 677, 678, 680], "excluded_lines": []}, "AgentTracker.estimate_remaining_time": {"executed_lines": [], "summary": {"covered_lines": 0, "num_statements": 15, "percent_covered": 0.0, "percent_covered_display": "0", "missing_lines": 15, "excluded_lines": 0}, "missing_lines": [688, 689, 690, 693, 697, 700, 701, 702, 703, 704, 705, 706, 708, 709, 711], "excluded_lines": []}, "AgentTracker.get_pending_agents": {"executed_lines": [], "summary": {"covered_lines": 0, "num_statements": 2, "percent_covered": 0.0, "percent_covered_display": "0", "missing_lines": 2, "excluded_lines": 0}, "missing_lines": [715, 716], "excluded_lines": []}, "AgentTracker.get_running_agent": {"executed_lines": [], "summary": {"covered_lines": 0, "num_statements": 4, "percent_covered": 0.0, "percent_covered_display": "0", "missing_lines": 4, "excluded_lines": 0}, "missing_lines": [720, 721, 722, 723], "excluded_lines": []}, "AgentTracker.is_pipeline_complete": {"executed_lines": [], "summary": {"covered_lines": 0, "num_statements": 2, "percent_covered": 0.0, "percent_covered_display": "0", "missing_lines": 2, "excluded_lines": 0}, "missing_lines": [727, 731], "excluded_lines": []}, "AgentTracker.get_agent_emoji": {"executed_lines": [], "summary": {"covered_lines": 0, "num_statements": 2, "percent_covered": 0.0, "percent_covered_display": "0", "missing_lines": 2, "excluded_lines": 0}, "missing_lines": [735, 741], "excluded_lines": []}, "AgentTracker.get_agent_color": {"executed_lines": [], "summary": {"covered_lines": 0, "num_statements": 2, "percent_covered": 0.0, "percent_covered_display": "0", "missing_lines": 2, "excluded_lines": 0}, "missing_lines": [745, 751], "excluded_lines": []}, "AgentTracker.format_agent_name": {"executed_lines": [], "summary": {"covered_lines": 0, "num_statements": 1, "percent_covered": 0.0, "percent_covered_display": "0", "missing_lines": 1, "excluded_lines": 0}, "missing_lines": [755], "excluded_lines": []}, "AgentTracker.get_display_metadata": {"executed_lines": [], "summary": {"covered_lines": 0, "num_statements": 22, "percent_covered": 0.0, "percent_covered_display": "0", "missing_lines": 22, "excluded_lines": 0}, "missing_lines": [767, 770, 771, 772, 773, 776, 777, 779, 780, 781, 782, 791, 792, 793, 794, 795, 796, 797, 798, 801, 810, 812], "excluded_lines": []}, "AgentTracker.get_tree_view_data": {"executed_lines": [], "summary": {"covered_lines": 0, "num_statements": 10, "percent_covered": 0.0, "percent_covered_display": "0", "missing_lines": 10, "excluded_lines": 0}, "missing_lines": [825, 828, 829, 830, 831, 834, 835, 837, 839, 841], "excluded_lines": []}, "AgentTracker.show_status": {"executed_lines": [], "summary": {"covered_lines": 0, "num_statements": 42, "percent_covered": 0.0, "percent_covered_display": "0", "missing_lines": 42, "excluded_lines": 0}, "missing_lines": [852, 853, 854, 857, 858, 859, 860, 862, 863, 864, 867, 868, 869, 870, 873, 874, 876, 877, 878, 879, 881, 882, 883, 884, 885, 886, 887, 889, 890, 891, 892, 893, 896, 897, 899, 904, 905, 907, 908, 910, 915, 916], "excluded_lines": []}, "AgentTracker.log_start": {"executed_lines": [], "summary": {"covered_lines": 0, "num_statements": 1, "percent_covered": 0.0, "percent_covered_display": "0", "missing_lines": 1, "excluded_lines": 0}, "missing_lines": [921], "excluded_lines": []}, "AgentTracker.log_complete": {"executed_lines": [], "summary": {"covered_lines": 0, "num_statements": 1, "percent_covered": 0.0, "percent_covered_display": "0", "missing_lines": 1, "excluded_lines": 0}, "missing_lines": [925], "excluded_lines": []}, "AgentTracker.log_fail": {"executed_lines": [], "summary": {"covered_lines": 0, "num_statements": 1, "percent_covered": 0.0, "percent_covered_display": "0", "missing_lines": 1, "excluded_lines": 0}, "missing_lines": [929], "excluded_lines": []}, "AgentTracker.get_status": {"executed_lines": [], "summary": {"covered_lines": 0, "num_statements": 1, "percent_covered": 0.0, "percent_covered_display": "0", "missing_lines": 1, "excluded_lines": 0}, "missing_lines": [937], "excluded_lines": []}, "main": {"executed_lines": [], "summary": {"covered_lines": 0, "num_statements": 62, "percent_covered": 0.0, "percent_covered_display": "0", "missing_lines": 62, "excluded_lines": 0}, "missing_lines": [946, 947, 948, 949, 950, 951, 952, 953, 954, 955, 956, 957, 958, 959, 960, 962, 963, 965, 966, 967, 968, 969, 970, 971, 973, 974, 975, 976, 977, 980, 981, 982, 983, 984, 986, 988, 990, 991, 992, 993, 994, 995, 996, 998, 999, 1000, 1001, 1004, 1005, 1006, 1007, 1008, 1009, 1010, 1011, 1012, 1014, 1016, 1017, 1020, 1021, 1022], "excluded_lines": []}, "": {"executed_lines": [], "summary": {"covered_lines": 0, "num_statements": 40, "percent_covered": 0.0, "percent_covered_display": "0", "missing_lines": 40, "excluded_lines": 0}, "missing_lines": [65, 66, 67, 68, 69, 70, 71, 75, 107, 118, 119, 120, 123, 126, 127, 256, 353, 436, 512, 583, 642, 646, 666, 682, 713, 718, 725, 733, 743, 753, 757, 819, 850, 919, 923, 927, 931, 945, 1025, 1026], "excluded_lines": []}}, "classes": {"AgentTracker": {"executed_lines": [], "summary": {"covered_lines": 0, "num_statements": 266, "percent_covered": 0.0, "percent_covered_display": "0", "missing_lines": 266, "excluded_lines": 0}, "missing_lines": [160, 162, 167, 168, 176, 179, 183, 184, 194, 196, 197, 198, 207, 209, 216, 217, 219, 220, 223, 224, 230, 233, 234, 237, 238, 240, 242, 243, 246, 247, 248, 254, 303, 304, 306, 312, 317, 321, 325, 326, 327, 333, 335, 338, 339, 340, 341, 342, 344, 345, 346, 347, 348, 351, 382, 383, 389, 390, 397, 398, 406, 407, 408, 416, 417, 424, 430, 431, 433, 434, 449, 450, 452, 453, 455, 456, 459, 460, 461, 468, 469, 475, 476, 477, 478, 479, 482, 483, 484, 486, 487, 489, 491, 492, 493, 494, 497, 503, 504, 506, 507, 509, 510, 524, 525, 527, 528, 530, 531, 534, 535, 536, 543, 544, 550, 551, 552, 553, 554, 555, 558, 559, 560, 562, 564, 565, 566, 567, 570, 577, 578, 580, 581, 612, 613, 620, 621, 628, 629, 637, 638, 639, 640, 644, 652, 653, 655, 658, 659, 660, 661, 663, 664, 672, 673, 674, 675, 677, 678, 680, 688, 689, 690, 693, 697, 700, 701, 702, 703, 704, 705, 706, 708, 709, 711, 715, 716, 720, 721, 722, 723, 727, 731, 735, 741, 745, 751, 755, 767, 770, 771, 772, 773, 776, 777, 779, 780, 781, 782, 791, 792, 793, 794, 795, 796, 797, 798, 801, 810, 812, 825, 828, 829, 830, 831, 834, 835, 837, 839, 841, 852, 853, 854, 857, 858, 859, 860, 862, 863, 864, 867, 868, 869, 870, 873, 874, 876, 877, 878, 879, 881, 882, 883, 884, 885, 886, 887, 889, 890, 891, 892, 893, 896, 897, 899, 904, 905, 907, 908, 910, 915, 916, 921, 925, 929, 937], "excluded_lines": []}, "": {"executed_lines": [], "summary": {"covered_lines": 0, "num_statements": 102, "percent_covered": 0.0, "percent_covered_display": "0", "missing_lines": 102, "excluded_lines": 0}, "missing_lines": [65, 66, 67, 68, 69, 70, 71, 75, 107, 118, 119, 120, 123, 126, 127, 256, 353, 436, 512, 583, 642, 646, 666, 682, 713, 718, 725, 733, 743, 753, 757, 819, 850, 919, 923, 927, 931, 945, 946, 947, 948, 949, 950, 951, 952, 953, 954, 955, 956, 957, 958, 959, 960, 962, 963, 965, 966, 967, 968, 969, 970, 971, 973, 974, 975, 976, 977, 980, 981, 982, 983, 984, 986, 988, 990, 991, 992, 993, 994, 995, 996, 998, 999, 1000, 1001, 1004, 1005, 1006, 1007, 1008, 1009, 1010, 1011, 1012, 1014, 1016, 1017, 1020, 1021, 1022, 1025, 1026], "excluded_lines": []}}}, "scripts/session_tracker.py": {"executed_lines": [], "summary": {"covered_lines": 0, "num_statements": 33, "percent_covered": 0.0, "percent_covered_display": "0", "missing_lines": 33, "excluded_lines": 0}, "missing_lines": [13, 14, 15, 18, 19, 20, 21, 24, 25, 27, 29, 32, 33, 36, 42, 44, 45, 48, 49, 52, 53, 56, 57, 58, 59, 60, 61, 63, 64, 65, 66, 69, 70], "excluded_lines": [], "functions": {"SessionTracker.__init__": {"executed_lines": [], "summary": {"covered_lines": 0, "num_statements": 9, "percent_covered": 0.0, "percent_covered_display": "0", "missing_lines": 9, "excluded_lines": 0}, "missing_lines": [20, 21, 24, 25, 27, 29, 32, 33, 36], "excluded_lines": []}, "SessionTracker.log": {"executed_lines": [], "summary": {"covered_lines": 0, "num_statements": 6, "percent_covered": 0.0, "percent_covered_display": "0", "missing_lines": 6, "excluded_lines": 0}, "missing_lines": [44, 45, 48, 49, 52, 53], "excluded_lines": []}, "main": {"executed_lines": [], "summary": {"covered_lines": 0, "num_statements": 9, "percent_covered": 0.0, "percent_covered_display": "0", "missing_lines": 9, "excluded_lines": 0}, "missing_lines": [57, 58, 59, 60, 61, 63, 64, 65, 66], "excluded_lines": []}, "": {"executed_lines": [], "summary": {"covered_lines": 0, "num_statements": 9, "percent_covered": 0.0, "percent_covered_display": "0", "missing_lines": 9, "excluded_lines": 0}, "missing_lines": [13, 14, 15, 18, 19, 42, 56, 69, 70], "excluded_lines": []}}, "classes": {"SessionTracker": {"executed_lines": [], "summary": {"covered_lines": 0, "num_statements": 15, "percent_covered": 0.0, "percent_covered_display": "0", "missing_lines": 15, "excluded_lines": 0}, "missing_lines": [20, 21, 24, 25, 27, 29, 32, 33, 36, 44, 45, 48, 49, 52, 53], "excluded_lines": []}, "": {"executed_lines": [], "summary": {"covered_lines": 0, "num_statements": 18, "percent_covered": 0.0, "percent_covered_display": "0", "missing_lines": 18, "excluded_lines": 0}, "missing_lines": [13, 14, 15, 18, 19, 42, 56, 57, 58, 59, 60, 61, 63, 64, 65, 66, 69, 70], "excluded_lines": []}}}, "scripts/validate_structure.py": {"executed_lines": [], "summary": {"covered_lines": 0, "num_statements": 88, "percent_covered": 0.0, "percent_covered_display": "0", "missing_lines": 88, "excluded_lines": 0}, "missing_lines": [13, 14, 15, 18, 19, 22, 42, 52, 54, 57, 58, 59, 60, 61, 62, 68, 69, 70, 71, 72, 73, 79, 80, 81, 86, 89, 91, 94, 95, 96, 98, 99, 100, 102, 103, 105, 106, 107, 113, 116, 118, 121, 129, 130, 132, 133, 134, 139, 142, 144, 147, 155, 157, 158, 160, 166, 167, 168, 174, 175, 177, 180, 182, 184, 187, 188, 189, 190, 193, 194, 195, 196, 197, 198, 199, 200, 201, 203, 204, 205, 206, 207, 208, 209, 210, 211, 214, 215], "excluded_lines": [], "functions": {"check_doc_locations": {"executed_lines": [], "summary": {"covered_lines": 0, "num_statements": 17, "percent_covered": 0.0, "percent_covered_display": "0", "missing_lines": 17, "excluded_lines": 0}, "missing_lines": [54, 57, 58, 59, 60, 61, 62, 68, 69, 70, 71, 72, 73, 79, 80, 81, 86], "excluded_lines": []}, "check_no_duplicates": {"executed_lines": [], "summary": {"covered_lines": 0, "num_statements": 13, "percent_covered": 0.0, "percent_covered_display": "0", "missing_lines": 13, "excluded_lines": 0}, "missing_lines": [91, 94, 95, 96, 98, 99, 100, 102, 103, 105, 106, 107, 113], "excluded_lines": []}, "check_root_cleanliness": {"executed_lines": [], "summary": {"covered_lines": 0, "num_statements": 8, "percent_covered": 0.0, "percent_covered_display": "0", "missing_lines": 8, "excluded_lines": 0}, "missing_lines": [118, 121, 129, 130, 132, 133, 134, 139], "excluded_lines": []}, "check_claude_not_tracked": {"executed_lines": [], "summary": {"covered_lines": 0, "num_statements": 12, "percent_covered": 0.0, "percent_covered_display": "0", "missing_lines": 12, "excluded_lines": 0}, "missing_lines": [144, 147, 155, 157, 158, 160, 166, 167, 168, 174, 175, 177], "excluded_lines": []}, "main": {"executed_lines": [], "summary": {"covered_lines": 0, "num_statements": 24, "percent_covered": 0.0, "percent_covered_display": "0", "missing_lines": 24, "excluded_lines": 0}, "missing_lines": [182, 184, 187, 188, 189, 190, 193, 194, 195, 196, 197, 198, 199, 200, 201, 203, 204, 205, 206, 207, 208, 209, 210, 211], "excluded_lines": []}, "": {"executed_lines": [], "summary": {"covered_lines": 0, "num_statements": 14, "percent_covered": 0.0, "percent_covered_display": "0", "missing_lines": 14, "excluded_lines": 0}, "missing_lines": [13, 14, 15, 18, 19, 22, 42, 52, 89, 116, 142, 180, 214, 215], "excluded_lines": []}}, "classes": {"": {"executed_lines": [], "summary": {"covered_lines": 0, "num_statements": 88, "percent_covered": 0.0, "percent_covered_display": "0", "missing_lines": 88, "excluded_lines": 0}, "missing_lines": [13, 14, 15, 18, 19, 22, 42, 52, 54, 57, 58, 59, 60, 61, 62, 68, 69, 70, 71, 72, 73, 79, 80, 81, 86, 89, 91, 94, 95, 96, 98, 99, 100, 102, 103, 105, 106, 107, 113, 116, 118, 121, 129, 130, 132, 133, 134, 139, 142, 144, 147, 155, 157, 158, 160, 166, 167, 168, 174, 175, 177, 180, 182, 184, 187, 188, 189, 190, 193, 194, 195, 196, 197, 198, 199, 200, 201, 203, 204, 205, 206, 207, 208, 209, 210, 211, 214, 215], "excluded_lines": []}}}}, "totals": {"covered_lines": 88, "num_statements": 5148, "percent_covered": 1.7094017094017093, "percent_covered_display": "2", "missing_lines": 5060, "excluded_lines": 0}}